<?xml version="1.0" encoding="UTF-8"?>
<!-- Generated by org.testng.reporters.JUnitReportReporter -->
<testsuite hostname="DESKTOP-6FOLHBH" failures="0" tests="10" name="tests.b_loginPageTest" time="4.741" errors="0" timestamp="2025-03-25T14:12:36 IST" skipped="9">
  <testcase classname="tests.b_loginPageTest" name="verify_InvalidCredential" time="4.741"/>
  <system-out/>
  <testcase classname="tests.b_loginPageTest" name="Verify_password_is_unmasked">
    <skipped/>
  </testcase> <!-- Verify_password_is_unmasked -->
  <system-out/>
  <testcase classname="tests.b_loginPageTest" name="verify_ExceedLimit_validation">
    <skipped/>
  </testcase> <!-- verify_ExceedLimit_validation -->
  <system-out/>
  <testcase classname="tests.b_loginPageTest" name="verify_minPassword_validation">
    <skipped/>
  </testcase> <!-- verify_minPassword_validation -->
  <system-out/>
  <testcase classname="tests.b_loginPageTest" name="valid_credential">
    <skipped/>
  </testcase> <!-- valid_credential -->
  <system-out/>
  <testcase classname="tests.b_loginPageTest" name="verify_Empty_Credential">
    <skipped/>
  </testcase> <!-- verify_Empty_Credential -->
  <system-out/>
  <testcase classname="tests.b_loginPageTest" name="verify_Without_DomainValidation">
    <skipped/>
  </testcase> <!-- verify_Without_DomainValidation -->
  <system-out/>
  <testcase classname="tests.b_loginPageTest" name="verify_Valid_Username_Invalid_Password">
    <skipped/>
  </testcase> <!-- verify_Valid_Username_Invalid_Password -->
  <system-out/>
  <testcase classname="tests.b_loginPageTest" name="verify_Password_IsMasked">
    <skipped/>
  </testcase> <!-- verify_Password_IsMasked -->
  <system-out/>
  <testcase classname="tests.b_loginPageTest" name="verify_InValid_Username_valid_Password">
    <skipped/>
  </testcase> <!-- verify_InValid_Username_valid_Password -->
  <system-out/>
</testsuite> <!-- tests.b_loginPageTest -->
