<?xml version="1.0" encoding="UTF-8"?>
<!-- Generated by org.testng.reporters.JUnitReportReporter -->
<testsuite hostname="DESKTOP-6FOLHBH" failures="0" tests="5" name="tests.j_defectsTest" time="70.522" errors="0" timestamp="2025-04-02T15:46:58 IST" skipped="0">
  <testcase classname="tests.j_defectsTest" name="searchWithEditText" time="16.462"/>
  <system-out/>
  <testcase classname="tests.j_defectsTest" name="addNewDefect" time="17.019"/>
  <system-out/>
  <testcase classname="tests.j_defectsTest" name="addProjectDetails" time="11.359"/>
  <system-out/>
  <testcase classname="tests.j_defectsTest" name="addDefectPriorityName" time="15.118"/>
  <system-out/>
  <testcase classname="tests.j_defectsTest" name="searchWithDeleteDefect" time="10.564"/>
  <system-out/>
</testsuite> <!-- tests.j_defectsTest -->
