<?xml version="1.0" encoding="UTF-8"?>
<!-- Generated by org.testng.reporters.JUnitReportReporter -->
<testsuite hostname="DESKTOP-6FOLHBH" failures="0" tests="7" name="tests.defectCategoryTest" time="13.651" errors="0" timestamp="2025-03-14T11:54:49 IST" skipped="6">
  <testcase classname="tests.defectCategoryTest" name="searchWithDeleteTableRecord" time="13.651"/>
  <system-out/>
  <testcase classname="tests.defectCategoryTest" name="editCategoryNameField">
    <skipped/>
  </testcase> <!-- editCategoryNameField -->
  <system-out/>
  <testcase classname="tests.defectCategoryTest" name="Logintest">
    <skipped/>
  </testcase> <!-- Logintest -->
  <system-out/>
  <testcase classname="tests.defectCategoryTest" name="createvalidcategoryname">
    <skipped/>
  </testcase> <!-- createvalidcategoryname -->
  <system-out/>
  <testcase classname="tests.defectCategoryTest" name="categoryBlankvalidation">
    <skipped/>
  </testcase> <!-- categoryBlankvalidation -->
  <system-out/>
  <testcase classname="tests.defectCategoryTest" name="deleteRecordFromTable">
    <skipped/>
  </testcase> <!-- deleteRecordFromTable -->
  <system-out/>
  <testcase classname="tests.defectCategoryTest" name="searchwithEditTableRecord">
    <skipped/>
  </testcase> <!-- searchwithEditTableRecord -->
  <system-out/>
</testsuite> <!-- tests.defectCategoryTest -->
