<?xml version="1.0" encoding="UTF-8"?>
<!-- Generated by org.testng.reporters.JUnitReportReporter -->
<testsuite hostname="DESKTOP-6FOLHBH" failures="0" tests="6" name="tests.g_defectPriorityTest" time="48.978" errors="0" timestamp="2025-03-26T16:35:32 IST" skipped="3">
  <testcase classname="tests.g_defectPriorityTest" name="searchwithEditTableRecord" time="15.291"/>
  <system-out/>
  <testcase classname="tests.g_defectPriorityTest" name="searchWithDeleteTableRecord" time="19.717"/>
  <system-out/>
  <testcase classname="tests.g_defectPriorityTest" name="addDefectPriorityName" time="13.970"/>
  <system-out/>
  <testcase classname="tests.g_defectPriorityTest" name="deleteRecordFromTable">
    <skipped/>
  </testcase> <!-- deleteRecordFromTable -->
  <system-out/>
  <testcase classname="tests.g_defectPriorityTest" name="editProjectPhaseName">
    <skipped/>
  </testcase> <!-- editProjectPhaseName -->
  <system-out/>
  <testcase classname="tests.g_defectPriorityTest" name="projectPhaseBlankvalidation">
    <skipped/>
  </testcase> <!-- projectPhaseBlankvalidation -->
  <system-out/>
</testsuite> <!-- tests.g_defectPriorityTest -->
