<?xml version="1.0" encoding="UTF-8"?>
<!-- Generated by org.testng.reporters.JUnitReportReporter -->
<testsuite hostname="DESKTOP-6FOLHBH" failures="0" tests="6" name="tests.e_defectCategoryTest" time="42.308" errors="0" timestamp="2025-04-02T15:46:58 IST" skipped="3">
  <testcase classname="tests.e_defectCategoryTest" name="addCategoryName" time="13.705"/>
  <system-out/>
  <testcase classname="tests.e_defectCategoryTest" name="searchWithDeleteTableRecord" time="14.027"/>
  <system-out/>
  <testcase classname="tests.e_defectCategoryTest" name="searchwithEditTableRecord" time="14.576"/>
  <system-out/>
  <testcase classname="tests.e_defectCategoryTest" name="categoryBlankvalidation">
    <skipped/>
  </testcase> <!-- categoryBlankvalidation -->
  <system-out/>
  <testcase classname="tests.e_defectCategoryTest" name="editCategoryName">
    <skipped/>
  </testcase> <!-- editCategoryName -->
  <system-out/>
  <testcase classname="tests.e_defectCategoryTest" name="deleteRecordFromTable">
    <skipped/>
  </testcase> <!-- deleteRecordFromTable -->
  <system-out/>
</testsuite> <!-- tests.e_defectCategoryTest -->
