<?xml version="1.0" encoding="UTF-8"?>
<!-- Generated by org.testng.reporters.JUnitReportReporter -->
<testsuite hostname="DESKTOP-6FOLHBH" failures="0" tests="6" name="tests.f_defectStatusTest" time="42.262" errors="0" timestamp="2025-04-02T15:46:58 IST" skipped="3">
  <testcase classname="tests.f_defectStatusTest" name="searchWithDeleteTableRecord" time="14.123"/>
  <system-out/>
  <testcase classname="tests.f_defectStatusTest" name="searchwithEditTableRecord" time="14.510"/>
  <system-out/>
  <testcase classname="tests.f_defectStatusTest" name="addDefectStatusName" time="13.629"/>
  <system-out/>
  <testcase classname="tests.f_defectStatusTest" name="deleteRecordFromTable">
    <skipped/>
  </testcase> <!-- deleteRecordFromTable -->
  <system-out/>
  <testcase classname="tests.f_defectStatusTest" name="editDefectStatusNameField">
    <skipped/>
  </testcase> <!-- editDefectStatusNameField -->
  <system-out/>
  <testcase classname="tests.f_defectStatusTest" name="defectStatusBlankvalidation">
    <skipped/>
  </testcase> <!-- defectStatusBlankvalidation -->
  <system-out/>
</testsuite> <!-- tests.f_defectStatusTest -->
