<?xml version="1.0" encoding="UTF-8"?>
<!-- Generated by org.testng.reporters.JUnitReportReporter -->
<testsuite hostname="DESKTOP-6FOLHBH" failures="0" tests="4" name="tests.i_projectsTest" time="52.319" errors="0" timestamp="2025-04-02T15:46:58 IST" skipped="0">
  <testcase classname="tests.i_projectsTest" name="addProjectDetails" time="11.721"/>
  <system-out/>
  <testcase classname="tests.i_projectsTest" name="editProjectDetails" time="18.063"/>
  <system-out/>
  <testcase classname="tests.i_projectsTest" name="deleteProjectRecords" time="8.963"/>
  <system-out/>
  <testcase classname="tests.i_projectsTest" name="AddProjectPhaseName" time="13.572"/>
  <system-out/>
</testsuite> <!-- tests.i_projectsTest -->
