<?xml version="1.0" encoding="UTF-8"?>
<!-- Generated by org.testng.reporters.JUnitReportReporter -->
<testsuite hostname="DESKTOP-6FOLHBH" failures="0" tests="7" name="tests.d_projectPhaseTest" time="44.667" errors="0" timestamp="2025-04-02T15:46:58 IST" skipped="4">
  <testcase classname="tests.d_projectPhaseTest" name="searchWithDeleteTableRecord" time="14.204"/>
  <system-out/>
  <testcase classname="tests.d_projectPhaseTest" name="AddProjectPhaseName" time="14.646"/>
  <system-out/>
  <testcase classname="tests.d_projectPhaseTest" name="searchwithEditTableRecord" time="15.817"/>
  <system-out/>
  <testcase classname="tests.d_projectPhaseTest" name="deleteRecordFromTable">
    <skipped/>
  </testcase> <!-- deleteRecordFromTable -->
  <system-out/>
  <testcase classname="tests.d_projectPhaseTest" name="editProjectPhaseName">
    <skipped/>
  </testcase> <!-- editProjectPhaseName -->
  <system-out/>
  <testcase classname="tests.d_projectPhaseTest" name="Logintest">
    <skipped/>
  </testcase> <!-- Logintest -->
  <system-out/>
  <testcase classname="tests.d_projectPhaseTest" name="projectPhaseBlankvalidation">
    <skipped/>
  </testcase> <!-- projectPhaseBlankvalidation -->
  <system-out/>
</testsuite> <!-- tests.d_projectPhaseTest -->
