<?xml version="1.0" encoding="UTF-8"?>
<!-- Generated by org.testng.reporters.JUnitReportReporter -->
<testsuite hostname="DESKTOP-6FOLHBH" failures="0" tests="4" name="tests.i_projectsTest" time="43.353" errors="0" timestamp="2025-03-26T16:35:32 IST" skipped="0">
  <testcase classname="tests.i_projectsTest" name="addProjectDetails" time="5.230"/>
  <system-out/>
  <testcase classname="tests.i_projectsTest" name="AddProjectPhaseName" time="13.988"/>
  <system-out/>
  <testcase classname="tests.i_projectsTest" name="editProjectDetails" time="14.548"/>
  <system-out/>
  <testcase classname="tests.i_projectsTest" name="deleteProjectRecords" time="9.587"/>
  <system-out/>
</testsuite> <!-- tests.i_projectsTest -->
