<?xml version="1.0" encoding="UTF-8"?>
<!-- Generated by org.testng.reporters.JUnitReportReporter -->
<testsuite hostname="DESKTOP-6FOLHBH" failures="0" tests="3" name="tests.j_defectTest" time="11.266" errors="0" timestamp="2025-03-25T11:52:32 IST" skipped="2">
  <testcase classname="tests.j_defectTest" name="searchWithDelete" time="11.266"/>
  <system-out/>
  <testcase classname="tests.j_defectTest" name="addNewDefect">
    <skipped/>
  </testcase> <!-- addNewDefect -->
  <system-out/>
  <testcase classname="tests.j_defectTest" name="searchWithEditText">
    <skipped/>
  </testcase> <!-- searchWithEditText -->
  <system-out/>
</testsuite> <!-- tests.j_defectTest -->
