<?xml version="1.0" encoding="UTF-8"?>
<!-- Generated by org.testng.reporters.JUnitReportReporter -->
<testsuite hostname="DESKTOP-6FOLHBH" failures="1" tests="13" name="tests.TestCase" time="6.195" errors="0" timestamp="2025-02-14T18:28:33 IST" skipped="12">
  <testcase classname="tests.TestCase" name="verify_maximumUsername" time="3.425">
    <failure message="Name field should allow 100 characters. expected [100] but found [92]" type="java.lang.AssertionError">
      <![CDATA[java.lang.AssertionError: Name field should allow 100 characters. expected [100] but found [92]
at org.testng.Assert.fail(Assert.java:99)
at org.testng.Assert.failNotEquals(Assert.java:1037)
at org.testng.Assert.assertEqualsImpl(Assert.java:140)
at org.testng.Assert.assertEquals(Assert.java:122)
at org.testng.Assert.assertEquals(Assert.java:907)
at pages.RegisterPage.maximumUsername(RegisterPage.java:47)
at tests.TestCase.verify_maximumUsername(TestCase.java:237)
at java.base/jdk.internal.reflect.DirectMethodHandleAccessor.invoke(DirectMethodHandleAccessor.java:103)
at java.base/java.lang.reflect.Method.invoke(Method.java:580)
at org.testng.internal.MethodInvocationHelper.invokeMethod(MethodInvocationHelper.java:133)
at org.testng.internal.TestInvoker.invokeMethod(TestInvoker.java:598)
at org.testng.internal.TestInvoker.retryFailed(TestInvoker.java:213)
at org.testng.internal.MethodRunner.runInSequence(MethodRunner.java:58)
at org.testng.internal.TestInvoker$MethodInvocationAgent.invoke(TestInvoker.java:824)
at org.testng.internal.TestInvoker.invokeTestMethods(TestInvoker.java:146)
at org.testng.internal.TestMethodWorker.invokeTestMethods(TestMethodWorker.java:146)
at org.testng.internal.TestMethodWorker.run(TestMethodWorker.java:128)
at java.base/java.util.ArrayList.forEach(ArrayList.java:1596)
at org.testng.TestRunner.privateRun(TestRunner.java:794)
at org.testng.TestRunner.run(TestRunner.java:596)
at org.testng.SuiteRunner.runTest(SuiteRunner.java:377)
at org.testng.SuiteRunner.runSequentially(SuiteRunner.java:371)
at org.testng.SuiteRunner.privateRun(SuiteRunner.java:332)
at org.testng.SuiteRunner.run(SuiteRunner.java:276)
at org.testng.SuiteRunnerWorker.runSuite(SuiteRunnerWorker.java:53)
at org.testng.SuiteRunnerWorker.run(SuiteRunnerWorker.java:96)
at org.testng.TestNG.runSuitesSequentially(TestNG.java:1212)
at org.testng.TestNG.runSuitesLocally(TestNG.java:1134)
at org.testng.TestNG.runSuites(TestNG.java:1063)
at org.testng.TestNG.run(TestNG.java:1031)
at org.testng.remote.AbstractRemoteTestNG.run(AbstractRemoteTestNG.java:115)
at org.testng.remote.RemoteTestNG.initAndRun(RemoteTestNG.java:293)
at org.testng.remote.RemoteTestNG.main(RemoteTestNG.java:91)
]]>
    </failure>
  </testcase> <!-- verify_maximumUsername -->
  <system-out/>
  <testcase classname="tests.TestCase" name="verify_maximumUsername" time="2.770">
    <skipped/>
  </testcase> <!-- verify_maximumUsername -->
  <system-out/>
  <testcase classname="tests.TestCase" name="Verify_password_is_unmasked">
    <skipped/>
  </testcase> <!-- Verify_password_is_unmasked -->
  <system-out/>
  <testcase classname="tests.TestCase" name="verify_Empty_Credential">
    <skipped/>
  </testcase> <!-- verify_Empty_Credential -->
  <system-out/>
  <testcase classname="tests.TestCase" name="verify_InvalidCredential">
    <skipped/>
  </testcase> <!-- verify_InvalidCredential -->
  <system-out/>
  <testcase classname="tests.TestCase" name="verify_minPassword_validation">
    <skipped/>
  </testcase> <!-- verify_minPassword_validation -->
  <system-out/>
  <testcase classname="tests.TestCase" name="verify_InValid_Username_valid_Password">
    <skipped/>
  </testcase> <!-- verify_InValid_Username_valid_Password -->
  <system-out/>
  <testcase classname="tests.TestCase" name="verify_ExceedLimit_validation">
    <skipped/>
  </testcase> <!-- verify_ExceedLimit_validation -->
  <system-out/>
  <testcase classname="tests.TestCase" name="verify_RegistrationPage_hyperLink">
    <skipped/>
  </testcase> <!-- verify_RegistrationPage_hyperLink -->
  <system-out/>
  <testcase classname="tests.TestCase" name="verify_valid_credential">
    <skipped/>
  </testcase> <!-- verify_valid_credential -->
  <system-out/>
  <testcase classname="tests.TestCase" name="verify_Without_DomainValidation">
    <skipped/>
  </testcase> <!-- verify_Without_DomainValidation -->
  <system-out/>
  <testcase classname="tests.TestCase" name="verify_Password_IsMasked">
    <skipped/>
  </testcase> <!-- verify_Password_IsMasked -->
  <system-out/>
  <testcase classname="tests.TestCase" name="verify_Valid_Username_Invalid_Password">
    <skipped/>
  </testcase> <!-- verify_Valid_Username_Invalid_Password -->
  <system-out/>
</testsuite> <!-- tests.TestCase -->
