<?xml version="1.0" encoding="UTF-8"?>
<!-- Generated by org.testng.reporters.JUnitReportReporter -->
<testsuite hostname="DESKTOP-6FOLHBH" failures="0" tests="11" name="tests.a_regPageTest" time="3.348" errors="0" timestamp="2025-03-17T12:05:43 IST" skipped="10">
  <testcase classname="tests.a_regPageTest" name="verify_manimumTeamName" time="3.348"/>
  <system-out/>
  <testcase classname="tests.a_regPageTest" name="verify_maximumTeamNameValidation">
    <skipped/>
  </testcase> <!-- verify_maximumTeamNameValidation -->
  <system-out/>
  <testcase classname="tests.a_regPageTest" name="verify_ValidTeamName">
    <skipped/>
  </testcase> <!-- verify_ValidTeamName -->
  <system-out/>
  <testcase classname="tests.a_regPageTest" name="verify_validUserName">
    <skipped/>
  </testcase> <!-- verify_validUserName -->
  <system-out/>
  <testcase classname="tests.a_regPageTest" name="verify_emptyTeamNameFieldValidation">
    <skipped/>
  </testcase> <!-- verify_emptyTeamNameFieldValidation -->
  <system-out/>
  <testcase classname="tests.a_regPageTest" name="GetListOfWebElement">
    <skipped/>
  </testcase> <!-- GetListOfWebElement -->
  <system-out/>
  <testcase classname="tests.a_regPageTest" name="PasswordValidationTest">
    <skipped/>
  </testcase> <!-- PasswordValidationTest -->
  <system-out/>
  <testcase classname="tests.a_regPageTest" name="verify_emptyValidationEmailAddress">
    <skipped/>
  </testcase> <!-- verify_emptyValidationEmailAddress -->
  <system-out/>
  <testcase classname="tests.a_regPageTest" name="verify_RegistrationPage_hyperLink">
    <skipped/>
  </testcase> <!-- verify_RegistrationPage_hyperLink -->
  <system-out/>
  <testcase classname="tests.a_regPageTest" name="verify_ValidEmailAddress">
    <skipped/>
  </testcase> <!-- verify_ValidEmailAddress -->
  <system-out/>
  <testcase classname="tests.a_regPageTest" name="emptyValidation_username">
    <skipped/>
  </testcase> <!-- emptyValidation_username -->
  <system-out/>
</testsuite> <!-- tests.a_regPageTest -->
