<?xml version="1.0" encoding="UTF-8"?>
<!-- Generated by org.testng.reporters.JUnitReportReporter -->
<testsuite hostname="DESKTOP-6FOLHBH" failures="0" tests="12" name="tests.RegPage" time="5.623" errors="1" timestamp="2025-03-11T17:28:54 IST" skipped="11">
  <testcase classname="tests.RegPage" name="verify_maximumTeamNameValidation" time="2.395">
    <error message="Cannot invoke &quot;org.apache.poi.xssf.usermodel.XSSFCell.getStringCellValue()&quot; because the return value of &quot;org.apache.poi.xssf.usermodel.XSSFRow.getCell(int)&quot; is null" type="java.lang.NullPointerException">
      <![CDATA[java.lang.NullPointerException: Cannot invoke "org.apache.poi.xssf.usermodel.XSSFCell.getStringCellValue()" because the return value of "org.apache.poi.xssf.usermodel.XSSFRow.getCell(int)" is null
at utils.ExcelReader.getTestData(ExcelReader.java:27)
at tests.RegPage.verify_maximumTeamNameValidation(RegPage.java:46)
at java.base/jdk.internal.reflect.DirectMethodHandleAccessor.invoke(DirectMethodHandleAccessor.java:103)
at java.base/java.lang.reflect.Method.invoke(Method.java:580)
at org.testng.internal.MethodInvocationHelper.invokeMethod(MethodInvocationHelper.java:133)
at org.testng.internal.TestInvoker.invokeMethod(TestInvoker.java:598)
at org.testng.internal.TestInvoker.retryFailed(TestInvoker.java:213)
at org.testng.internal.MethodRunner.runInSequence(MethodRunner.java:58)
at org.testng.internal.TestInvoker$MethodInvocationAgent.invoke(TestInvoker.java:824)
at org.testng.internal.TestInvoker.invokeTestMethods(TestInvoker.java:146)
at org.testng.internal.TestMethodWorker.invokeTestMethods(TestMethodWorker.java:146)
at org.testng.internal.TestMethodWorker.run(TestMethodWorker.java:128)
at java.base/java.util.ArrayList.forEach(ArrayList.java:1596)
at org.testng.TestRunner.privateRun(TestRunner.java:794)
at org.testng.TestRunner.run(TestRunner.java:596)
at org.testng.SuiteRunner.runTest(SuiteRunner.java:377)
at org.testng.SuiteRunner.runSequentially(SuiteRunner.java:371)
at org.testng.SuiteRunner.privateRun(SuiteRunner.java:332)
at org.testng.SuiteRunner.run(SuiteRunner.java:276)
at org.testng.SuiteRunnerWorker.runSuite(SuiteRunnerWorker.java:53)
at org.testng.SuiteRunnerWorker.run(SuiteRunnerWorker.java:96)
at org.testng.TestNG.runSuitesSequentially(TestNG.java:1212)
at org.testng.TestNG.runSuitesLocally(TestNG.java:1134)
at org.testng.TestNG.runSuites(TestNG.java:1063)
at org.testng.TestNG.run(TestNG.java:1031)
at org.testng.remote.AbstractRemoteTestNG.run(AbstractRemoteTestNG.java:115)
at org.testng.remote.RemoteTestNG.initAndRun(RemoteTestNG.java:293)
at org.testng.remote.RemoteTestNG.main(RemoteTestNG.java:91)
]]>
    </error>
  </testcase> <!-- verify_maximumTeamNameValidation -->
  <system-out/>
  <testcase classname="tests.RegPage" name="verify_maximumTeamNameValidation" time="3.228">
    <skipped/>
  </testcase> <!-- verify_maximumTeamNameValidation -->
  <system-out/>
  <testcase classname="tests.RegPage" name="PasswordValidationTest">
    <skipped/>
  </testcase> <!-- PasswordValidationTest -->
  <system-out/>
  <testcase classname="tests.RegPage" name="emptyValidation_username">
    <skipped/>
  </testcase> <!-- emptyValidation_username -->
  <system-out/>
  <testcase classname="tests.RegPage" name="verify_ValidTeamName">
    <skipped/>
  </testcase> <!-- verify_ValidTeamName -->
  <system-out/>
  <testcase classname="tests.RegPage" name="verify_emptyValidationEmailAddress">
    <skipped/>
  </testcase> <!-- verify_emptyValidationEmailAddress -->
  <system-out/>
  <testcase classname="tests.RegPage" name="verify_RegistrationPage_hyperLink">
    <skipped/>
  </testcase> <!-- verify_RegistrationPage_hyperLink -->
  <system-out/>
  <testcase classname="tests.RegPage" name="GetListOfWebElement">
    <skipped/>
  </testcase> <!-- GetListOfWebElement -->
  <system-out/>
  <testcase classname="tests.RegPage" name="verify_manimumTeamName">
    <skipped/>
  </testcase> <!-- verify_manimumTeamName -->
  <system-out/>
  <testcase classname="tests.RegPage" name="verify_emptyTeamNameFieldValidation">
    <skipped/>
  </testcase> <!-- verify_emptyTeamNameFieldValidation -->
  <system-out/>
  <testcase classname="tests.RegPage" name="verify_validUserName">
    <skipped/>
  </testcase> <!-- verify_validUserName -->
  <system-out/>
  <testcase classname="tests.RegPage" name="verify_ValidEmailAddress">
    <skipped/>
  </testcase> <!-- verify_ValidEmailAddress -->
  <system-out/>
</testsuite> <!-- tests.RegPage -->
