<?xml version="1.0" encoding="UTF-8"?>
<!-- Generated by org.testng.reporters.JUnitReportReporter -->
<testsuite hostname="DESKTOP-6FOLHBH" failures="0" tests="7" name="tests.defect_category" time="27.856" errors="0" timestamp="2025-03-11T12:30:12 IST" skipped="5">
  <testcase classname="tests.defect_category" name="searchEditRecordFromTable" time="14.496"/>
  <system-out/>
  <testcase classname="tests.defect_category" name="createvalidcategoryname" time="13.360"/>
  <system-out/>
  <testcase classname="tests.defect_category" name="searchWithTableEditRecord">
    <skipped/>
  </testcase> <!-- searchWithTableEditRecord -->
  <system-out/>
  <testcase classname="tests.defect_category" name="Logintest">
    <skipped/>
  </testcase> <!-- Logintest -->
  <system-out/>
  <testcase classname="tests.defect_category" name="deleteRecordFromTable">
    <skipped/>
  </testcase> <!-- deleteRecordFromTable -->
  <system-out/>
  <testcase classname="tests.defect_category" name="editCategoryNameField">
    <skipped/>
  </testcase> <!-- editCategoryNameField -->
  <system-out/>
  <testcase classname="tests.defect_category" name="categoryBlankvalidation">
    <skipped/>
  </testcase> <!-- categoryBlankvalidation -->
  <system-out/>
</testsuite> <!-- tests.defect_category -->
