<?xml version="1.0" encoding="UTF-8"?>
<!-- Generated by org.testng.reporters.JUnitReportReporter -->
<testsuite hostname="DESKTOP-6FOLHBH" failures="0" tests="6" name="tests.e_defectCategoryTest" time="43.265" errors="0" timestamp="2025-03-26T16:35:32 IST" skipped="3">
  <testcase classname="tests.e_defectCategoryTest" name="addCategoryName" time="14.460"/>
  <system-out/>
  <testcase classname="tests.e_defectCategoryTest" name="searchWithDeleteTableRecord" time="14.070"/>
  <system-out/>
  <testcase classname="tests.e_defectCategoryTest" name="searchwithEditTableRecord" time="14.735"/>
  <system-out/>
  <testcase classname="tests.e_defectCategoryTest" name="categoryBlankvalidation">
    <skipped/>
  </testcase> <!-- categoryBlankvalidation -->
  <system-out/>
  <testcase classname="tests.e_defectCategoryTest" name="editCategoryName">
    <skipped/>
  </testcase> <!-- editCategoryName -->
  <system-out/>
  <testcase classname="tests.e_defectCategoryTest" name="deleteRecordFromTable">
    <skipped/>
  </testcase> <!-- deleteRecordFromTable -->
  <system-out/>
</testsuite> <!-- tests.e_defectCategoryTest -->
