<?xml version="1.0" encoding="UTF-8"?>
<!-- Generated by org.testng.reporters.JUnitReportReporter -->
<testsuite hostname="DESKTOP-6FOLHBH" failures="0" tests="7" name="tests.projectPhaseTest" time="13.863" errors="0" timestamp="2025-03-14T12:39:36 IST" skipped="6">
  <testcase classname="tests.projectPhaseTest" name="editProjectPhaseNameField" time="13.863"/>
  <system-out/>
  <testcase classname="tests.projectPhaseTest" name="deleteRecordFromTable">
    <skipped/>
  </testcase> <!-- deleteRecordFromTable -->
  <system-out/>
  <testcase classname="tests.projectPhaseTest" name="searchWithDeleteTableRecord">
    <skipped/>
  </testcase> <!-- searchWithDeleteTableRecord -->
  <system-out/>
  <testcase classname="tests.projectPhaseTest" name="searchwithEditTableRecord">
    <skipped/>
  </testcase> <!-- searchwithEditTableRecord -->
  <system-out/>
  <testcase classname="tests.projectPhaseTest" name="createvalidProjectPhaseName">
    <skipped/>
  </testcase> <!-- createvalidProjectPhaseName -->
  <system-out/>
  <testcase classname="tests.projectPhaseTest" name="projectPhaseBlankvalidation">
    <skipped/>
  </testcase> <!-- projectPhaseBlankvalidation -->
  <system-out/>
  <testcase classname="tests.projectPhaseTest" name="Logintest">
    <skipped/>
  </testcase> <!-- Logintest -->
  <system-out/>
</testsuite> <!-- tests.projectPhaseTest -->
