<?xml version="1.0" encoding="UTF-8"?>
<!-- Generated by org.testng.reporters.JUnitReportReporter -->
<testsuite hostname="DESKTOP-6FOLHBH" failures="0" tests="11" name="tests.d_projectPhaseTest" time="118.242" errors="0" timestamp="2025-04-25T13:19:38 IST" skipped="2">
  <testcase classname="tests.d_projectPhaseTest" name="leadingSpaceVerification" time="14.447"/>
  <system-out/>
  <testcase classname="tests.d_projectPhaseTest" name="alphabitWithSpecialCharacterNotAllowed" time="12.667"/>
  <system-out/>
  <testcase classname="tests.d_projectPhaseTest" name="searchWithDeleteTableRecord" time="14.845"/>
  <system-out/>
  <testcase classname="tests.d_projectPhaseTest" name="verifySpecialCharacterNotAllowed" time="13.053"/>
  <system-out/>
  <testcase classname="tests.d_projectPhaseTest" name="projectPhaseBlankvalidation" time="9.661"/>
  <system-out/>
  <testcase classname="tests.d_projectPhaseTest" name="AddProjectPhaseName" time="13.422"/>
  <system-out/>
  <testcase classname="tests.d_projectPhaseTest" name="verifyNumericValueNotAllowed" time="12.741"/>
  <system-out/>
  <testcase classname="tests.d_projectPhaseTest" name="searchwithEditTableRecord" time="14.183"/>
  <system-out/>
  <testcase classname="tests.d_projectPhaseTest" name="exceedingLimitVerification" time="13.223"/>
  <system-out/>
  <testcase classname="tests.d_projectPhaseTest" name="deleteRecordFromTable">
    <skipped/>
  </testcase> <!-- deleteRecordFromTable -->
  <system-out/>
  <testcase classname="tests.d_projectPhaseTest" name="editProjectPhaseName">
    <skipped/>
  </testcase> <!-- editProjectPhaseName -->
  <system-out/>
</testsuite> <!-- tests.d_projectPhaseTest -->
