<?xml version="1.0" encoding="UTF-8"?>
<!-- Generated by org.testng.reporters.JUnitXMLReporter -->
<testsuite ignored="6" hostname="DESKTOP-6FOLHBH" failures="0" tests="1" name="Default test" time="15.252" errors="0" timestamp="2025-03-25T10:26:43 IST">
  <testcase classname="tests.d_projectPhaseTest" name="AddProjectPhaseName" time="12.285"/>
  <testcase classname="tests.d_projectPhaseTest" name="deleteRecordFromTable" time="0.0">
    <ignored/>
  </testcase> <!-- deleteRecordFromTable -->
  <testcase classname="tests.d_projectPhaseTest" name="searchwithEditTableRecord" time="0.0">
    <ignored/>
  </testcase> <!-- searchwithEditTableRecord -->
  <testcase classname="tests.d_projectPhaseTest" name="editProjectPhaseName" time="0.0">
    <ignored/>
  </testcase> <!-- editProjectPhaseName -->
  <testcase classname="tests.d_projectPhaseTest" name="searchWithDeleteTableRecord" time="0.0">
    <ignored/>
  </testcase> <!-- searchWithDeleteTableRecord -->
  <testcase classname="tests.d_projectPhaseTest" name="Logintest" time="0.0">
    <ignored/>
  </testcase> <!-- Logintest -->
  <testcase classname="tests.d_projectPhaseTest" name="projectPhaseBlankvalidation" time="0.0">
    <ignored/>
  </testcase> <!-- projectPhaseBlankvalidation -->
</testsuite> <!-- Default test -->
