<?xml version="1.0" encoding="UTF-8"?>
<!-- Generated by org.testng.reporters.JUnitXMLReporter -->
<testsuite ignored="14" hostname="DESKTOP-6FOLHBH" failures="0" tests="1" name="Default test" time="17.018" errors="0" timestamp="2025-04-25T12:54:24 IST">
  <testcase classname="tests.j_defectsTest" name="emptyProrityTypeField" time="14.253"/>
  <testcase classname="tests.j_defectsTest" name="checkTextAvailableAssigne" time="0.0">
    <ignored/>
  </testcase> <!-- checkTextAvailableAssigne -->
  <testcase classname="tests.j_defectsTest" name="verifyEmptyStepToReproduce" time="0.0">
    <ignored/>
  </testcase> <!-- verifyEmptyStepToReproduce -->
  <testcase classname="tests.j_defectsTest" name="emptyClosureDateField" time="0.0">
    <ignored/>
  </testcase> <!-- emptyClosureDateField -->
  <testcase classname="tests.j_defectsTest" name="checkTextAvailableCategoryName" time="0.0">
    <ignored/>
  </testcase> <!-- checkTextAvailableCategoryName -->
  <testcase classname="tests.j_defectsTest" name="searchWithEditText" time="0.0">
    <ignored/>
  </testcase> <!-- searchWithEditText -->
  <testcase classname="tests.j_defectsTest" name="addProjectDetails" time="0.0">
    <ignored/>
  </testcase> <!-- addProjectDetails -->
  <testcase classname="tests.j_defectsTest" name="checkTextAvailablePriorityType" time="0.0">
    <ignored/>
  </testcase> <!-- checkTextAvailablePriorityType -->
  <testcase classname="tests.j_defectsTest" name="emptyCategoryNameField" time="0.0">
    <ignored/>
  </testcase> <!-- emptyCategoryNameField -->
  <testcase classname="tests.j_defectsTest" name="searchWithDeleteDefect" time="0.0">
    <ignored/>
  </testcase> <!-- searchWithDeleteDefect -->
  <testcase classname="tests.j_defectsTest" name="addNewDefect" time="0.0">
    <ignored/>
  </testcase> <!-- addNewDefect -->
  <testcase classname="tests.j_defectsTest" name="emptyStatusField" time="0.0">
    <ignored/>
  </testcase> <!-- emptyStatusField -->
  <testcase classname="tests.j_defectsTest" name="checkTextAvailableStatusNameField" time="0.0">
    <ignored/>
  </testcase> <!-- checkTextAvailableStatusNameField -->
  <testcase classname="tests.j_defectsTest" name="emptyAssigneField" time="0.0">
    <ignored/>
  </testcase> <!-- emptyAssigneField -->
  <testcase classname="tests.j_defectsTest" name="addDefectPriorityName" time="0.0">
    <ignored/>
  </testcase> <!-- addDefectPriorityName -->
</testsuite> <!-- Default test -->
