<?xml version="1.0" encoding="UTF-8"?>
<!-- Generated by org.testng.reporters.JUnitXMLReporter -->
<testsuite ignored="0" hostname="DESKTOP-6FOLHBH" failures="3" tests="13" name="b_loginPageTest" time="42.753" errors="0" timestamp="2025-04-11T17:42:58 IST">
  <testcase classname="tests.b_loginPageTest" name="Verify_password_is_unmasked" time="1.321"/>
  <testcase classname="tests.b_loginPageTest" name="valid_credential" time="2.764"/>
  <testcase classname="tests.b_loginPageTest" name="verify_Empty_Credential" time="0.947"/>
  <testcase classname="tests.b_loginPageTest" name="verify_ExceedLimit_validation" time="1.485">
    <skipped/>
  </testcase> <!-- verify_ExceedLimit_validation -->
  <testcase classname="tests.b_loginPageTest" name="verify_ExceedLimit_validation" time="1.455">
    <failure type="java.lang.AssertionError" message="Title are mismatch expected [please enter maximum 16 char are allowed] but found [Please enter a correct password!]">
      <![CDATA[java.lang.AssertionError: Title are mismatch expected [please enter maximum 16 char are allowed] but found [Please enter a correct password!]
at tests.b_loginPageTest.verify_ExceedLimit_validation(b_loginPageTest.java:193)
at java.base/java.util.ArrayList.forEach(ArrayList.java:1596)
... Removed 30 stack frames]]>
    </failure>
  </testcase> <!-- verify_ExceedLimit_validation -->
  <testcase classname="tests.b_loginPageTest" name="verify_InValid_Username_valid_Password" time="1.591"/>
  <testcase classname="tests.b_loginPageTest" name="verify_InvalidCredential" time="1.683"/>
  <testcase classname="tests.b_loginPageTest" name="verify_Password_IsMasked" time="0.735"/>
  <testcase classname="tests.b_loginPageTest" name="verify_Valid_Username_Invalid_Password" time="1.29"/>
  <testcase classname="tests.b_loginPageTest" name="verify_Without_DomainValidation" time="1.438">
    <skipped/>
  </testcase> <!-- verify_Without_DomainValidation -->
  <testcase classname="tests.b_loginPageTest" name="verify_Without_DomainValidation" time="1.542">
    <failure type="java.lang.AssertionError" message="Title are mismatch expected [Invalid format error] but found [Please enter a registered email!]">
      <![CDATA[java.lang.AssertionError: Title are mismatch expected [Invalid format error] but found [Please enter a registered email!]
at tests.b_loginPageTest.verify_Without_DomainValidation(b_loginPageTest.java:153)
at java.base/java.util.ArrayList.forEach(ArrayList.java:1596)
... Removed 30 stack frames]]>
    </failure>
  </testcase> <!-- verify_Without_DomainValidation -->
  <testcase classname="tests.b_loginPageTest" name="verify_minPassword_validation" time="1.477">
    <skipped/>
  </testcase> <!-- verify_minPassword_validation -->
  <testcase classname="tests.b_loginPageTest" name="verify_minPassword_validation" time="1.33">
    <failure type="java.lang.AssertionError" message="Title are mismatch expected [please enter at leat 8 char] but found [Please enter a correct password!]">
      <![CDATA[java.lang.AssertionError: Title are mismatch expected [please enter at leat 8 char] but found [Please enter a correct password!]
at tests.b_loginPageTest.verify_minPassword_validation(b_loginPageTest.java:173)
at java.base/java.util.ArrayList.forEach(ArrayList.java:1596)
... Removed 30 stack frames]]>
    </failure>
  </testcase> <!-- verify_minPassword_validation -->
</testsuite> <!-- b_loginPageTest -->
