<?xml version="1.0" encoding="UTF-8"?>
<!-- Generated by org.testng.reporters.JUnitXMLReporter -->
<testsuite ignored="4" hostname="DESKTOP-6FOLHBH" failures="0" tests="3" name="d_projectPhaseTest" time="44.838" errors="0" timestamp="2025-03-26T16:31:39 IST">
  <testcase classname="tests.d_projectPhaseTest" name="AddProjectPhaseName" time="13.041"/>
  <testcase classname="tests.d_projectPhaseTest" name="searchwithEditTableRecord" time="12.686"/>
  <testcase classname="tests.d_projectPhaseTest" name="searchWithDeleteTableRecord" time="12.152"/>
  <testcase classname="tests.d_projectPhaseTest" name="deleteRecordFromTable" time="0.0">
    <ignored/>
  </testcase> <!-- deleteRecordFromTable -->
  <testcase classname="tests.d_projectPhaseTest" name="editProjectPhaseName" time="0.0">
    <ignored/>
  </testcase> <!-- editProjectPhaseName -->
  <testcase classname="tests.d_projectPhaseTest" name="Logintest" time="0.0">
    <ignored/>
  </testcase> <!-- Logintest -->
  <testcase classname="tests.d_projectPhaseTest" name="projectPhaseBlankvalidation" time="0.0">
    <ignored/>
  </testcase> <!-- projectPhaseBlankvalidation -->
</testsuite> <!-- d_projectPhaseTest -->
