<?xml version="1.0" encoding="UTF-8"?>
<!-- Generated by org.testng.reporters.JUnitXMLReporter -->
<testsuite ignored="4" hostname="DESKTOP-6FOLHBH" failures="0" tests="3" name="d_projectPhaseTest" time="45.488" errors="0" timestamp="2025-04-02T15:42:05 IST">
  <testcase classname="tests.d_projectPhaseTest" name="AddProjectPhaseName" time="12.988"/>
  <testcase classname="tests.d_projectPhaseTest" name="searchwithEditTableRecord" time="12.712"/>
  <testcase classname="tests.d_projectPhaseTest" name="searchWithDeleteTableRecord" time="12.463"/>
  <testcase classname="tests.d_projectPhaseTest" name="deleteRecordFromTable" time="0.0">
    <ignored/>
  </testcase> <!-- deleteRecordFromTable -->
  <testcase classname="tests.d_projectPhaseTest" name="editProjectPhaseName" time="0.0">
    <ignored/>
  </testcase> <!-- editProjectPhaseName -->
  <testcase classname="tests.d_projectPhaseTest" name="Logintest" time="0.0">
    <ignored/>
  </testcase> <!-- Logintest -->
  <testcase classname="tests.d_projectPhaseTest" name="projectPhaseBlankvalidation" time="0.0">
    <ignored/>
  </testcase> <!-- projectPhaseBlankvalidation -->
</testsuite> <!-- d_projectPhaseTest -->
