<?xml version="1.0" encoding="UTF-8"?>
<!-- Generated by org.testng.reporters.JUnitXMLReporter -->
<testsuite ignored="3" hostname="DESKTOP-6FOLHBH" failures="0" tests="3" name="e_defectCategoryTest" time="43.904" errors="0" timestamp="2025-03-26T16:32:23 IST">
  <testcase classname="tests.e_defectCategoryTest" name="addCategoryName" time="11.997"/>
  <testcase classname="tests.e_defectCategoryTest" name="searchwithEditTableRecord" time="12.95"/>
  <testcase classname="tests.e_defectCategoryTest" name="searchWithDeleteTableRecord" time="12.158"/>
  <testcase classname="tests.e_defectCategoryTest" name="categoryBlankvalidation" time="0.0">
    <ignored/>
  </testcase> <!-- categoryBlankvalidation -->
  <testcase classname="tests.e_defectCategoryTest" name="editCategoryName" time="0.0">
    <ignored/>
  </testcase> <!-- editCategoryName -->
  <testcase classname="tests.e_defectCategoryTest" name="deleteRecordFromTable" time="0.0">
    <ignored/>
  </testcase> <!-- deleteRecordFromTable -->
</testsuite> <!-- e_defectCategoryTest -->
