<?xml version="1.0" encoding="UTF-8"?>
<!-- Generated by org.testng.reporters.JUnitXMLReporter -->
<testsuite ignored="3" hostname="DESKTOP-6FOLHBH" failures="0" tests="3" name="f_defectStatusTest" time="42.896" errors="0" timestamp="2025-04-02T15:43:31 IST">
  <testcase classname="tests.f_defectStatusTest" name="addDefectStatusName" time="11.856"/>
  <testcase classname="tests.f_defectStatusTest" name="searchwithEditTableRecord" time="12.6"/>
  <testcase classname="tests.f_defectStatusTest" name="searchWithDeleteTableRecord" time="12.487"/>
  <testcase classname="tests.f_defectStatusTest" name="deleteRecordFromTable" time="0.0">
    <ignored/>
  </testcase> <!-- deleteRecordFromTable -->
  <testcase classname="tests.f_defectStatusTest" name="editDefectStatusNameField" time="0.0">
    <ignored/>
  </testcase> <!-- editDefectStatusNameField -->
  <testcase classname="tests.f_defectStatusTest" name="defectStatusBlankvalidation" time="0.0">
    <ignored/>
  </testcase> <!-- defectStatusBlankvalidation -->
</testsuite> <!-- f_defectStatusTest -->
