<?xml version="1.0" encoding="UTF-8"?>
<!-- Generated by org.testng.reporters.JUnitXMLReporter -->
<testsuite ignored="3" hostname="DESKTOP-6FOLHBH" failures="0" tests="3" name="g_defectPriorityTest" time="49.522" errors="0" timestamp="2025-04-02T15:44:21 IST">
  <testcase classname="tests.g_defectPriorityTest" name="addDefectPriorityName" time="11.898"/>
  <testcase classname="tests.g_defectPriorityTest" name="searchwithEditTableRecord" time="13.438"/>
  <testcase classname="tests.g_defectPriorityTest" name="searchWithDeleteTableRecord" time="17.877"/>
  <testcase classname="tests.g_defectPriorityTest" name="deleteRecordFromTable" time="0.0">
    <ignored/>
  </testcase> <!-- deleteRecordFromTable -->
  <testcase classname="tests.g_defectPriorityTest" name="editProjectPhaseName" time="0.0">
    <ignored/>
  </testcase> <!-- editProjectPhaseName -->
  <testcase classname="tests.g_defectPriorityTest" name="projectPhaseBlankvalidation" time="0.0">
    <ignored/>
  </testcase> <!-- projectPhaseBlankvalidation -->
</testsuite> <!-- g_defectPriorityTest -->
