<?xml version="1.0" encoding="UTF-8"?>
<!-- Generated by org.testng.reporters.JUnitXMLReporter -->
<testsuite ignored="3" hostname="DESKTOP-6FOLHBH" failures="0" tests="3" name="g_defectPriorityTest" time="49.702" errors="0" timestamp="2025-03-26T16:33:56 IST">
  <testcase classname="tests.g_defectPriorityTest" name="addDefectPriorityName" time="12.166"/>
  <testcase classname="tests.g_defectPriorityTest" name="searchwithEditTableRecord" time="13.509"/>
  <testcase classname="tests.g_defectPriorityTest" name="searchWithDeleteTableRecord" time="17.836"/>
  <testcase classname="tests.g_defectPriorityTest" name="deleteRecordFromTable" time="0.0">
    <ignored/>
  </testcase> <!-- deleteRecordFromTable -->
  <testcase classname="tests.g_defectPriorityTest" name="editProjectPhaseName" time="0.0">
    <ignored/>
  </testcase> <!-- editProjectPhaseName -->
  <testcase classname="tests.g_defectPriorityTest" name="projectPhaseBlankvalidation" time="0.0">
    <ignored/>
  </testcase> <!-- projectPhaseBlankvalidation -->
</testsuite> <!-- g_defectPriorityTest -->
