<?xml version="1.0" encoding="UTF-8"?>
<!-- Generated by org.testng.reporters.JUnitXMLReporter -->
<testsuite ignored="0" hostname="DESKTOP-6FOLHBH" failures="1" tests="3" name="h_usersPageTest" time="30.838" errors="0" timestamp="2025-04-02T15:44:52 IST">
  <testcase classname="tests.h_usersPageTest" name="getTableRecord" time="7.671"/>
  <testcase classname="tests.h_usersPageTest" name="navigateAddUsersPage" time="8.615">
    <skipped/>
  </testcase> <!-- navigateAddUsersPage -->
  <testcase classname="tests.h_usersPageTest" name="navigateAddUsersPage" time="8.773">
    <failure type="java.lang.AssertionError" message="expected [Successfully added user account] but found [Please enter an email for user!]">
      <![CDATA[java.lang.AssertionError: expected [Successfully added user account] but found [Please enter an email for user!]
at pages.h_userPage.navigateToAddUsers(h_userPage.java:63)
at tests.h_usersPageTest.navigateAddUsersPage(h_usersPageTest.java:36)
at java.base/java.util.ArrayList.forEach(ArrayList.java:1596)
... Removed 31 stack frames]]>
    </failure>
  </testcase> <!-- navigateAddUsersPage -->
</testsuite> <!-- h_usersPageTest -->
