<?xml version="1.0" encoding="UTF-8"?>
<!-- Generated by org.testng.reporters.JUnitXMLReporter -->
<testsuite ignored="0" hostname="DESKTOP-6FOLHBH" failures="0" tests="4" name="i_projectsTest" time="44.232" errors="0" timestamp="2025-03-26T16:35:14 IST">
  <testcase classname="tests.i_projectsTest" name="AddProjectPhaseName" time="12.113"/>
  <testcase classname="tests.i_projectsTest" name="addProjectDetails" time="3.699"/>
  <testcase classname="tests.i_projectsTest" name="editProjectDetails" time="12.974"/>
  <testcase classname="tests.i_projectsTest" name="deleteProjectRecords" time="7.084"/>
</testsuite> <!-- i_projectsTest -->
