<?xml version="1.0" encoding="UTF-8"?>
<!-- Generated by org.testng.reporters.JUnitXMLReporter -->
<testsuite ignored="0" hostname="DESKTOP-6FOLHBH" failures="0" tests="4" name="i_projectsTest" time="53.294" errors="0" timestamp="2025-04-02T15:45:45 IST">
  <testcase classname="tests.i_projectsTest" name="AddProjectPhaseName" time="11.845"/>
  <testcase classname="tests.i_projectsTest" name="addProjectDetails" time="9.836"/>
  <testcase classname="tests.i_projectsTest" name="editProjectDetails" time="16.164"/>
  <testcase classname="tests.i_projectsTest" name="deleteProjectRecords" time="7.026"/>
</testsuite> <!-- i_projectsTest -->
