<?xml version="1.0" encoding="UTF-8"?>
<!-- Generated by org.testng.reporters.JUnitXMLReporter -->
<testsuite ignored="0" hostname="DESKTOP-6FOLHBH" failures="0" tests="5" name="j_defectsTest" time="71.756" errors="0" timestamp="2025-04-02T15:46:57 IST">
  <testcase classname="tests.j_defectsTest" name="addDefectPriorityName" time="12.494"/>
  <testcase classname="tests.j_defectsTest" name="addProjectDetails" time="9.764"/>
  <testcase classname="tests.j_defectsTest" name="addNewDefect" time="15.279"/>
  <testcase classname="tests.j_defectsTest" name="searchWithEditText" time="14.439"/>
  <testcase classname="tests.j_defectsTest" name="searchWithDeleteDefect" time="8.734"/>
</testsuite> <!-- j_defectsTest -->
