<?xml version="1.0" encoding="UTF-8"?>
<!-- Generated by org.testng.reporters.JUnitXMLReporter -->
<testsuite ignored="0" hostname="DESKTOP-6FOLHBH" failures="1" tests="4" name="j_defectsTest" time="16.695" errors="0" timestamp="2025-03-26T16:35:31 IST">
  <testcase classname="tests.j_defectsTest" name="addNewDefect" time="6.401">
    <skipped/>
  </testcase> <!-- addNewDefect -->
  <testcase classname="tests.j_defectsTest" name="addNewDefect" time="6.517">
    <failure type="org.openqa.selenium.NoSuchElementException" message="Cannot locate option with index: 1
For documentation on this error, please visit: https://www.seleniumhq.org/exceptions/no_such_element.html
Build info: version: &amp;apos;3.141.59&amp;apos;, revision: &amp;apos;e82be7d358&amp;apos;, time: &amp;apos;2018-11-14T08:17:03&amp;apos;
System info: host: &amp;apos;DESKTOP-6FOLHBH&amp;apos;, ip: &amp;apos;192.168.1.25&amp;apos;, os.name: &amp;apos;Windows 11&amp;apos;, os.arch: &amp;apos;amd64&amp;apos;, os.version: &amp;apos;10.0&amp;apos;, java.version: &amp;apos;21.0.5&amp;apos;
Driver info: driver.version: unknown">
      <![CDATA[org.openqa.selenium.NoSuchElementException: Cannot locate option with index: 1
For documentation on this error, please visit: https://www.seleniumhq.org/exceptions/no_such_element.html
Build info: version: '3.141.59', revision: 'e82be7d358', time: '2018-11-14T08:17:03'
System info: host: 'DESKTOP-6FOLHBH', ip: '192.168.1.25', os.name: 'Windows 11', os.arch: 'amd64', os.version: '10.0', java.version: '21.0.5'
Driver info: driver.version: unknown
at org.openqa.selenium.support.ui.Select.setSelectedByIndex(Select.java:297)
at org.openqa.selenium.support.ui.Select.selectByIndex(Select.java:172)
at pages.j_defectPage.addDefect(j_defectPage.java:69)
at tests.j_defectsTest.addNewDefect(j_defectsTest.java:40)
at java.base/java.util.ArrayList.forEach(ArrayList.java:1596)
... Removed 25 stack frames]]>
    </failure>
  </testcase> <!-- addNewDefect -->
  <testcase classname="tests.j_defectsTest" name="searchWithEditText" time="0.0">
    <skipped/>
  </testcase> <!-- searchWithEditText -->
  <testcase classname="tests.j_defectsTest" name="searchWithDeleteDefect" time="0.0">
    <skipped/>
  </testcase> <!-- searchWithDeleteDefect -->
</testsuite> <!-- j_defectsTest -->
