<?xml version="1.0" encoding="UTF-8"?>
<!-- Generated by org.testng.reporters.JUnitXMLReporter -->
<testsuite ignored="16" hostname="DESKTOP-6FOLHBH" failures="7" tests="102" name="myTest" time="1244.703" errors="0" timestamp="2025-04-25T13:19:37 IST">
  <testcase classname="tests.b_loginPageTest" name="Verify_password_is_unmasked" time="2.17"/>
  <testcase classname="tests.b_loginPageTest" name="validCredential" time="2.213"/>
  <testcase classname="tests.b_loginPageTest" name="verify_ExceedLimit_validation" time="1.975"/>
  <testcase classname="tests.b_loginPageTest" name="verify_InvalidCredential" time="1.5"/>
  <testcase classname="tests.b_loginPageTest" name="verify_Empty_Credential" time="1.409"/>
  <testcase classname="tests.b_loginPageTest" name="verify_InValid_Username_valid_Password" time="1.482"/>
  <testcase classname="tests.b_loginPageTest" name="verify_Password_IsMasked" time="1.007"/>
  <testcase classname="tests.b_loginPageTest" name="verify_Valid_Username_Invalid_Password" time="1.619"/>
  <testcase classname="tests.b_loginPageTest" name="verify_Without_DomainValidation" time="10.969">
    <skipped/>
  </testcase> <!-- verify_Without_DomainValidation -->
  <testcase classname="tests.b_loginPageTest" name="verify_Without_DomainValidation" time="10.946">
    <failure type="org.openqa.selenium.TimeoutException" message="Expected condition failed: waiting for visibility of element located by By.xpath: //div[text()=&amp;quot;Please enter a registered email!&amp;quot;] (tried for 10 second(s) with 500 milliseconds interval)">
      <![CDATA[org.openqa.selenium.TimeoutException: Expected condition failed: waiting for visibility of element located by By.xpath: //div[text()="Please enter a registered email!"] (tried for 10 second(s) with 500 milliseconds interval)
at org.openqa.selenium.support.ui.WebDriverWait.timeoutException(WebDriverWait.java:95)
at org.openqa.selenium.support.ui.FluentWait.until(FluentWait.java:272)
at tests.b_loginPageTest.verify_Without_DomainValidation(b_loginPageTest.java:171)
at java.base/java.util.ArrayList.forEach(ArrayList.java:1596)
Caused by: org.openqa.selenium.NoSuchElementException: no such element: Unable to locate element: {"method":"xpath","selector":"//div[text()="Please enter a registered email!"]"}
  (Session info: chrome=135.0.7049.115)
For documentation on this error, please visit: https://www.seleniumhq.org/exceptions/no_such_element.html
Build info: version: '3.141.59', revision: 'e82be7d358', time: '2018-11-14T08:17:03'
System info: host: 'DESKTOP-6FOLHBH', ip: '192.168.1.20', os.name: 'Windows 11', os.arch: 'amd64', os.version: '10.0', java.version: '21.0.5'
Driver info: org.openqa.selenium.chrome.ChromeDriver
Capabilities {acceptInsecureCerts: false, browserName: chrome, browserVersion: 135.0.7049.115, chrome: {chromedriverVersion: 134.0.6998.88 (7e3d5c978c6d..., userDataDir: C:\Users\admin\AppData\Loca...}, fedcm:accounts: true, goog:chromeOptions: {debuggerAddress: localhost:54134}, javascriptEnabled: true, networkConnectionEnabled: false, pageLoadStrategy: normal, platform: WINDOWS, platformName: WINDOWS, proxy: Proxy(), setWindowRect: true, strictFileInteractability: false, timeouts: {implicit: 0, pageLoad: 300000, script: 30000}, unhandledPromptBehavior: dismiss and notify, webauthn:extension:credBlob: true, webauthn:extension:largeBlob: true, webauthn:extension:minPinLength: true, webauthn:extension:prf: true, webauthn:virtualAuthenticators: true}
Session ID: 767557a412c943bb59009682b60671f7
*** Element info: {Using=xpath, value=//div[text()="Please enter a registered email!"]}
at org.openqa.selenium.remote.http.W3CHttpResponseCodec.createException(W3CHttpResponseCodec.java:187)
at org.openqa.selenium.remote.http.W3CHttpResponseCodec.decode(W3CHttpResponseCodec.java:122)
at org.openqa.selenium.remote.http.W3CHttpResponseCodec.decode(W3CHttpResponseCodec.java:49)
at org.openqa.selenium.remote.HttpCommandExecutor.execute(HttpCommandExecutor.java:158)
at org.openqa.selenium.remote.service.DriverCommandExecutor.execute(DriverCommandExecutor.java:83)
at org.openqa.selenium.remote.RemoteWebDriver.execute(RemoteWebDriver.java:552)
at org.openqa.selenium.remote.RemoteWebDriver.findElement(RemoteWebDriver.java:323)
at org.openqa.selenium.remote.RemoteWebDriver.findElementByXPath(RemoteWebDriver.java:428)
at org.openqa.selenium.By$ByXPath.findElement(By.java:353)
at org.openqa.selenium.remote.RemoteWebDriver.findElement(RemoteWebDriver.java:315)
at org.openqa.selenium.support.ui.ExpectedConditions$7.apply(ExpectedConditions.java:205)
at org.openqa.selenium.support.ui.ExpectedConditions$7.apply(ExpectedConditions.java:201)
at org.openqa.selenium.support.ui.FluentWait.until(FluentWait.java:249)
... 27 more
... Removed 28 stack frames]]>
    </failure>
  </testcase> <!-- verify_Without_DomainValidation -->
  <testcase classname="tests.b_loginPageTest" name="verify_minPassword_validation" time="1.412"/>
  <testcase classname="tests.d_projectPhaseTest" name="AddProjectPhaseName" time="11.813"/>
  <testcase classname="tests.d_projectPhaseTest" name="alphabitWithSpecialCharacterNotAllowed" time="11.106"/>
  <testcase classname="tests.d_projectPhaseTest" name="exceedingLimitVerification" time="11.575"/>
  <testcase classname="tests.d_projectPhaseTest" name="leadingSpaceVerification" time="11.767"/>
  <testcase classname="tests.d_projectPhaseTest" name="projectPhaseBlankvalidation" time="8.131"/>
  <testcase classname="tests.d_projectPhaseTest" name="searchwithEditTableRecord" time="12.553"/>
  <testcase classname="tests.d_projectPhaseTest" name="searchWithDeleteTableRecord" time="12.057"/>
  <testcase classname="tests.d_projectPhaseTest" name="verifyNumericValueNotAllowed" time="11.01"/>
  <testcase classname="tests.d_projectPhaseTest" name="verifySpecialCharacterNotAllowed" time="11.214"/>
  <testcase classname="tests.e_defectCategoryTest" name="addCategoryName" time="11.733"/>
  <testcase classname="tests.e_defectCategoryTest" name="alphabitWithSpecialCharacterNotAllowed" time="8.927"/>
  <testcase classname="tests.e_defectCategoryTest" name="categoryBlankvalidation" time="6.563">
    <skipped/>
  </testcase> <!-- categoryBlankvalidation -->
  <testcase classname="tests.e_defectCategoryTest" name="categoryBlankvalidation" time="6.943"/>
  <testcase classname="tests.e_defectCategoryTest" name="deleteRecordFromTable" time="6.465"/>
  <testcase classname="tests.e_defectCategoryTest" name="editCategoryName" time="6.693"/>
  <testcase classname="tests.e_defectCategoryTest" name="exceedingLimitVerification" time="11.029"/>
  <testcase classname="tests.e_defectCategoryTest" name="leadingSpaceVerification" time="12.072"/>
  <testcase classname="tests.e_defectCategoryTest" name="projectPhaseBlankvalidation" time="7.23"/>
  <testcase classname="tests.e_defectCategoryTest" name="searchwithEditTableRecord" time="12.663"/>
  <testcase classname="tests.e_defectCategoryTest" name="searchWithDeleteTableRecord" time="12.15"/>
  <testcase classname="tests.e_defectCategoryTest" name="verifyNumericValueNotAllowed" time="11.223"/>
  <testcase classname="tests.e_defectCategoryTest" name="verifySpecialCharacterNotAllowed" time="9.122"/>
  <testcase classname="tests.f_defectStatusTest" name="addDefectStatusName" time="11.832"/>
  <testcase classname="tests.f_defectStatusTest" name="alphabitWithSpecialCharacterNotAllowed" time="12.019"/>
  <testcase classname="tests.f_defectStatusTest" name="blankValidation" time="7.258"/>
  <testcase classname="tests.f_defectStatusTest" name="defectStatusBlankvalidation" time="6.966"/>
  <testcase classname="tests.f_defectStatusTest" name="deleteRecordFromTable" time="16.499"/>
  <testcase classname="tests.f_defectStatusTest" name="editDefectStatusNameField" time="18.384"/>
  <testcase classname="tests.f_defectStatusTest" name="exceedingLimitVerification" time="10.981"/>
  <testcase classname="tests.f_defectStatusTest" name="leadingSpaceVerification" time="10.167"/>
  <testcase classname="tests.f_defectStatusTest" name="searchwithEditTableRecord" time="12.576"/>
  <testcase classname="tests.f_defectStatusTest" name="searchWithDeleteTableRecord" time="12.383"/>
  <testcase classname="tests.f_defectStatusTest" name="verifyNumericValueNotAllowed" time="10.439"/>
  <testcase classname="tests.f_defectStatusTest" name="verifySpecialCharacterNotAllowed" time="12.26"/>
  <testcase classname="tests.g_defectPriorityTest" name="addDefectPriorityName" time="11.991"/>
  <testcase classname="tests.g_defectPriorityTest" name="alphabitWithSpecialCharacterNotAllowed" time="10.921"/>
  <testcase classname="tests.g_defectPriorityTest" name="blankValidation" time="7.06"/>
  <testcase classname="tests.g_defectPriorityTest" name="deleteRecordFromTable" time="6.914"/>
  <testcase classname="tests.g_defectPriorityTest" name="editProjectPhaseName" time="6.443"/>
  <testcase classname="tests.g_defectPriorityTest" name="exceedingLimitVerification" time="8.003"/>
  <testcase classname="tests.g_defectPriorityTest" name="leadingSpaceVerification" time="10.324"/>
  <testcase classname="tests.g_defectPriorityTest" name="projectPhaseBlankvalidation" time="16.897">
    <skipped/>
  </testcase> <!-- projectPhaseBlankvalidation -->
  <testcase classname="tests.g_defectPriorityTest" name="projectPhaseBlankvalidation" time="16.682">
    <failure type="org.openqa.selenium.NoSuchElementException" message="no such element: Unable to locate element: {&amp;quot;method&amp;quot;:&amp;quot;xpath&amp;quot;,&amp;quot;selector&amp;quot;:&amp;quot;//div[text()=&amp;quot;Please enter a name for category!&amp;quot;]&amp;quot;}
  (Session info: chrome=135.0.7049.115)
For documentation on this error, please visit: https://www.seleniumhq.org/exceptions/no_such_element.html
Build info: version: &amp;apos;3.141.59&amp;apos;, revision: &amp;apos;e82be7d358&amp;apos;, time: &amp;apos;2018-11-14T08:17:03&amp;apos;
System info: host: &amp;apos;DESKTOP-6FOLHBH&amp;apos;, ip: &amp;apos;192.168.1.20&amp;apos;, os.name: &amp;apos;Windows 11&amp;apos;, os.arch: &amp;apos;amd64&amp;apos;, os.version: &amp;apos;10.0&amp;apos;, java.version: &amp;apos;21.0.5&amp;apos;
Driver info: org.openqa.selenium.chrome.ChromeDriver
Capabilities {acceptInsecureCerts: false, browserName: chrome, browserVersion: 135.0.7049.115, chrome: {chromedriverVersion: 134.0.6998.88 (7e3d5c978c6d..., userDataDir: C:\Users\admin\AppData\Loca...}, fedcm:accounts: true, goog:chromeOptions: {debuggerAddress: localhost:55391}, javascriptEnabled: true, networkConnectionEnabled: false, pageLoadStrategy: normal, platform: WINDOWS, platformName: WINDOWS, proxy: Proxy(), setWindowRect: true, strictFileInteractability: false, timeouts: {implicit: 0, pageLoad: 300000, script: 30000}, unhandledPromptBehavior: dismiss and notify, webauthn:extension:credBlob: true, webauthn:extension:largeBlob: true, webauthn:extension:minPinLength: true, webauthn:extension:prf: true, webauthn:virtualAuthenticators: true}
Session ID: 9532f933403512e346a905b305548627
*** Element info: {Using=xpath, value=//div[text()=&amp;quot;Please enter a name for category!&amp;quot;]}">
      <![CDATA[org.openqa.selenium.NoSuchElementException: no such element: Unable to locate element: {"method":"xpath","selector":"//div[text()="Please enter a name for category!"]"}
  (Session info: chrome=135.0.7049.115)
For documentation on this error, please visit: https://www.seleniumhq.org/exceptions/no_such_element.html
Build info: version: '3.141.59', revision: 'e82be7d358', time: '2018-11-14T08:17:03'
System info: host: 'DESKTOP-6FOLHBH', ip: '192.168.1.20', os.name: 'Windows 11', os.arch: 'amd64', os.version: '10.0', java.version: '21.0.5'
Driver info: org.openqa.selenium.chrome.ChromeDriver
Capabilities {acceptInsecureCerts: false, browserName: chrome, browserVersion: 135.0.7049.115, chrome: {chromedriverVersion: 134.0.6998.88 (7e3d5c978c6d..., userDataDir: C:\Users\admin\AppData\Loca...}, fedcm:accounts: true, goog:chromeOptions: {debuggerAddress: localhost:55391}, javascriptEnabled: true, networkConnectionEnabled: false, pageLoadStrategy: normal, platform: WINDOWS, platformName: WINDOWS, proxy: Proxy(), setWindowRect: true, strictFileInteractability: false, timeouts: {implicit: 0, pageLoad: 300000, script: 30000}, unhandledPromptBehavior: dismiss and notify, webauthn:extension:credBlob: true, webauthn:extension:largeBlob: true, webauthn:extension:minPinLength: true, webauthn:extension:prf: true, webauthn:virtualAuthenticators: true}
Session ID: 9532f933403512e346a905b305548627
*** Element info: {Using=xpath, value=//div[text()="Please enter a name for category!"]}
at org.openqa.selenium.remote.http.W3CHttpResponseCodec.createException(W3CHttpResponseCodec.java:187)
at org.openqa.selenium.remote.http.W3CHttpResponseCodec.decode(W3CHttpResponseCodec.java:122)
at org.openqa.selenium.remote.http.W3CHttpResponseCodec.decode(W3CHttpResponseCodec.java:49)
at org.openqa.selenium.remote.HttpCommandExecutor.execute(HttpCommandExecutor.java:158)
at org.openqa.selenium.remote.service.DriverCommandExecutor.execute(DriverCommandExecutor.java:83)
at org.openqa.selenium.remote.RemoteWebDriver.execute(RemoteWebDriver.java:552)
at org.openqa.selenium.remote.RemoteWebDriver.findElement(RemoteWebDriver.java:323)
at org.openqa.selenium.remote.RemoteWebDriver.findElementByXPath(RemoteWebDriver.java:428)
at org.openqa.selenium.By$ByXPath.findElement(By.java:353)
at org.openqa.selenium.remote.RemoteWebDriver.findElement(RemoteWebDriver.java:315)
at org.openqa.selenium.support.pagefactory.DefaultElementLocator.findElement(DefaultElementLocator.java:69)
at org.openqa.selenium.support.pagefactory.internal.LocatingElementHandler.invoke(LocatingElementHandler.java:38)
at jdk.proxy2/jdk.proxy2.$Proxy30.getText(Unknown Source)
at pages.g_defectPriority.blankValidation_popup(g_defectPriority.java:180)
at tests.g_defectPriorityTest.projectPhaseBlankvalidation(g_defectPriorityTest.java:118)
at java.base/java.util.ArrayList.forEach(ArrayList.java:1596)
... Removed 28 stack frames]]>
    </failure>
  </testcase> <!-- projectPhaseBlankvalidation -->
  <testcase classname="tests.g_defectPriorityTest" name="searchwithEditTableRecord" time="13.262"/>
  <testcase classname="tests.g_defectPriorityTest" name="searchWithDeleteTableRecord" time="7.369"/>
  <testcase classname="tests.g_defectPriorityTest" name="verifyNumericValueNotAllowed" time="10.053"/>
  <testcase classname="tests.g_defectPriorityTest" name="verifySpecialCharacterNotAllowed" time="10.986"/>
  <testcase classname="tests.h_usersPageTest" name="emailWithoutDomainExtension" time="8.732"/>
  <testcase classname="tests.h_usersPageTest" name="getTableRecord" time="7.549"/>
  <testcase classname="tests.h_usersPageTest" name="navigateAddUsersPage" time="13.702"/>
  <testcase classname="tests.h_usersPageTest" name="testEmailWithOnlyAtSymbol" time="13.45">
    <skipped/>
  </testcase> <!-- testEmailWithOnlyAtSymbol -->
  <testcase classname="tests.h_usersPageTest" name="testEmailWithOnlyAtSymbol" time="13.118">
    <failure type="org.openqa.selenium.TimeoutException" message="Expected condition failed: waiting for visibility of element located by By.id: toastMessage (tried for 5 second(s) with 500 milliseconds interval)
Build info: version: &amp;apos;3.141.59&amp;apos;, revision: &amp;apos;e82be7d358&amp;apos;, time: &amp;apos;2018-11-14T08:17:03&amp;apos;
System info: host: &amp;apos;DESKTOP-6FOLHBH&amp;apos;, ip: &amp;apos;192.168.1.20&amp;apos;, os.name: &amp;apos;Windows 11&amp;apos;, os.arch: &amp;apos;amd64&amp;apos;, os.version: &amp;apos;10.0&amp;apos;, java.version: &amp;apos;21.0.5&amp;apos;
Driver info: org.openqa.selenium.chrome.ChromeDriver
Capabilities {acceptInsecureCerts: false, browserName: chrome, browserVersion: 135.0.7049.115, chrome: {chromedriverVersion: 134.0.6998.88 (7e3d5c978c6d..., userDataDir: C:\Users\admin\AppData\Loca...}, fedcm:accounts: true, goog:chromeOptions: {debuggerAddress: localhost:55651}, javascriptEnabled: true, networkConnectionEnabled: false, pageLoadStrategy: normal, platform: WINDOWS, platformName: WINDOWS, proxy: Proxy(), setWindowRect: true, strictFileInteractability: false, timeouts: {implicit: 0, pageLoad: 300000, script: 30000}, unhandledPromptBehavior: dismiss and notify, webauthn:extension:credBlob: true, webauthn:extension:largeBlob: true, webauthn:extension:minPinLength: true, webauthn:extension:prf: true, webauthn:virtualAuthenticators: true}
Session ID: c7a668f63da3f8e0a74f8ca2943cb994">
      <![CDATA[org.openqa.selenium.TimeoutException: Expected condition failed: waiting for visibility of element located by By.id: toastMessage (tried for 5 second(s) with 500 milliseconds interval)
Build info: version: '3.141.59', revision: 'e82be7d358', time: '2018-11-14T08:17:03'
System info: host: 'DESKTOP-6FOLHBH', ip: '192.168.1.20', os.name: 'Windows 11', os.arch: 'amd64', os.version: '10.0', java.version: '21.0.5'
Driver info: org.openqa.selenium.chrome.ChromeDriver
Capabilities {acceptInsecureCerts: false, browserName: chrome, browserVersion: 135.0.7049.115, chrome: {chromedriverVersion: 134.0.6998.88 (7e3d5c978c6d..., userDataDir: C:\Users\admin\AppData\Loca...}, fedcm:accounts: true, goog:chromeOptions: {debuggerAddress: localhost:55651}, javascriptEnabled: true, networkConnectionEnabled: false, pageLoadStrategy: normal, platform: WINDOWS, platformName: WINDOWS, proxy: Proxy(), setWindowRect: true, strictFileInteractability: false, timeouts: {implicit: 0, pageLoad: 300000, script: 30000}, unhandledPromptBehavior: dismiss and notify, webauthn:extension:credBlob: true, webauthn:extension:largeBlob: true, webauthn:extension:minPinLength: true, webauthn:extension:prf: true, webauthn:virtualAuthenticators: true}
Session ID: c7a668f63da3f8e0a74f8ca2943cb994
at org.openqa.selenium.support.ui.WebDriverWait.timeoutException(WebDriverWait.java:95)
at org.openqa.selenium.support.ui.FluentWait.until(FluentWait.java:272)
at pages.h_userPage.testEmailWithOnlyAtSymbol(h_userPage.java:141)
at tests.h_usersPageTest.testEmailWithOnlyAtSymbol(h_usersPageTest.java:131)
at java.base/java.util.ArrayList.forEach(ArrayList.java:1596)
... Removed 25 stack frames]]>
    </failure>
  </testcase> <!-- testEmailWithOnlyAtSymbol -->
  <testcase classname="tests.h_usersPageTest" name="testEmailWithSpaces" time="13.299">
    <skipped/>
  </testcase> <!-- testEmailWithSpaces -->
  <testcase classname="tests.h_usersPageTest" name="testEmailWithSpaces" time="13.213">
    <failure type="org.openqa.selenium.TimeoutException" message="Expected condition failed: waiting for visibility of element located by By.id: toastMessage (tried for 5 second(s) with 500 milliseconds interval)
Build info: version: &amp;apos;3.141.59&amp;apos;, revision: &amp;apos;e82be7d358&amp;apos;, time: &amp;apos;2018-11-14T08:17:03&amp;apos;
System info: host: &amp;apos;DESKTOP-6FOLHBH&amp;apos;, ip: &amp;apos;192.168.1.20&amp;apos;, os.name: &amp;apos;Windows 11&amp;apos;, os.arch: &amp;apos;amd64&amp;apos;, os.version: &amp;apos;10.0&amp;apos;, java.version: &amp;apos;21.0.5&amp;apos;
Driver info: org.openqa.selenium.chrome.ChromeDriver
Capabilities {acceptInsecureCerts: false, browserName: chrome, browserVersion: 135.0.7049.115, chrome: {chromedriverVersion: 134.0.6998.88 (7e3d5c978c6d..., userDataDir: C:\Users\admin\AppData\Loca...}, fedcm:accounts: true, goog:chromeOptions: {debuggerAddress: localhost:55710}, javascriptEnabled: true, networkConnectionEnabled: false, pageLoadStrategy: normal, platform: WINDOWS, platformName: WINDOWS, proxy: Proxy(), setWindowRect: true, strictFileInteractability: false, timeouts: {implicit: 0, pageLoad: 300000, script: 30000}, unhandledPromptBehavior: dismiss and notify, webauthn:extension:credBlob: true, webauthn:extension:largeBlob: true, webauthn:extension:minPinLength: true, webauthn:extension:prf: true, webauthn:virtualAuthenticators: true}
Session ID: 6e9fbe07bd5468de4ad8961bf1d02743">
      <![CDATA[org.openqa.selenium.TimeoutException: Expected condition failed: waiting for visibility of element located by By.id: toastMessage (tried for 5 second(s) with 500 milliseconds interval)
Build info: version: '3.141.59', revision: 'e82be7d358', time: '2018-11-14T08:17:03'
System info: host: 'DESKTOP-6FOLHBH', ip: '192.168.1.20', os.name: 'Windows 11', os.arch: 'amd64', os.version: '10.0', java.version: '21.0.5'
Driver info: org.openqa.selenium.chrome.ChromeDriver
Capabilities {acceptInsecureCerts: false, browserName: chrome, browserVersion: 135.0.7049.115, chrome: {chromedriverVersion: 134.0.6998.88 (7e3d5c978c6d..., userDataDir: C:\Users\admin\AppData\Loca...}, fedcm:accounts: true, goog:chromeOptions: {debuggerAddress: localhost:55710}, javascriptEnabled: true, networkConnectionEnabled: false, pageLoadStrategy: normal, platform: WINDOWS, platformName: WINDOWS, proxy: Proxy(), setWindowRect: true, strictFileInteractability: false, timeouts: {implicit: 0, pageLoad: 300000, script: 30000}, unhandledPromptBehavior: dismiss and notify, webauthn:extension:credBlob: true, webauthn:extension:largeBlob: true, webauthn:extension:minPinLength: true, webauthn:extension:prf: true, webauthn:virtualAuthenticators: true}
Session ID: 6e9fbe07bd5468de4ad8961bf1d02743
at org.openqa.selenium.support.ui.WebDriverWait.timeoutException(WebDriverWait.java:95)
at org.openqa.selenium.support.ui.FluentWait.until(FluentWait.java:272)
at pages.h_userPage.testEmailWithSpaces(h_userPage.java:176)
at tests.h_usersPageTest.testEmailWithSpaces(h_usersPageTest.java:175)
at java.base/java.util.ArrayList.forEach(ArrayList.java:1596)
... Removed 25 stack frames]]>
    </failure>
  </testcase> <!-- testEmailWithSpaces -->
  <testcase classname="tests.h_usersPageTest" name="testEmailWithoutAtSymbol" time="13.185">
    <skipped/>
  </testcase> <!-- testEmailWithoutAtSymbol -->
  <testcase classname="tests.h_usersPageTest" name="testEmailWithoutAtSymbol" time="13.769">
    <failure type="org.openqa.selenium.TimeoutException" message="Expected condition failed: waiting for visibility of element located by By.id: toastMessage (tried for 5 second(s) with 500 milliseconds interval)
Build info: version: &amp;apos;3.141.59&amp;apos;, revision: &amp;apos;e82be7d358&amp;apos;, time: &amp;apos;2018-11-14T08:17:03&amp;apos;
System info: host: &amp;apos;DESKTOP-6FOLHBH&amp;apos;, ip: &amp;apos;192.168.1.20&amp;apos;, os.name: &amp;apos;Windows 11&amp;apos;, os.arch: &amp;apos;amd64&amp;apos;, os.version: &amp;apos;10.0&amp;apos;, java.version: &amp;apos;21.0.5&amp;apos;
Driver info: org.openqa.selenium.chrome.ChromeDriver
Capabilities {acceptInsecureCerts: false, browserName: chrome, browserVersion: 135.0.7049.115, chrome: {chromedriverVersion: 134.0.6998.88 (7e3d5c978c6d..., userDataDir: C:\Users\admin\AppData\Loca...}, fedcm:accounts: true, goog:chromeOptions: {debuggerAddress: localhost:55768}, javascriptEnabled: true, networkConnectionEnabled: false, pageLoadStrategy: normal, platform: WINDOWS, platformName: WINDOWS, proxy: Proxy(), setWindowRect: true, strictFileInteractability: false, timeouts: {implicit: 0, pageLoad: 300000, script: 30000}, unhandledPromptBehavior: dismiss and notify, webauthn:extension:credBlob: true, webauthn:extension:largeBlob: true, webauthn:extension:minPinLength: true, webauthn:extension:prf: true, webauthn:virtualAuthenticators: true}
Session ID: 06d117be34a6a203a0e52ba3bb87fae6">
      <![CDATA[org.openqa.selenium.TimeoutException: Expected condition failed: waiting for visibility of element located by By.id: toastMessage (tried for 5 second(s) with 500 milliseconds interval)
Build info: version: '3.141.59', revision: 'e82be7d358', time: '2018-11-14T08:17:03'
System info: host: 'DESKTOP-6FOLHBH', ip: '192.168.1.20', os.name: 'Windows 11', os.arch: 'amd64', os.version: '10.0', java.version: '21.0.5'
Driver info: org.openqa.selenium.chrome.ChromeDriver
Capabilities {acceptInsecureCerts: false, browserName: chrome, browserVersion: 135.0.7049.115, chrome: {chromedriverVersion: 134.0.6998.88 (7e3d5c978c6d..., userDataDir: C:\Users\admin\AppData\Loca...}, fedcm:accounts: true, goog:chromeOptions: {debuggerAddress: localhost:55768}, javascriptEnabled: true, networkConnectionEnabled: false, pageLoadStrategy: normal, platform: WINDOWS, platformName: WINDOWS, proxy: Proxy(), setWindowRect: true, strictFileInteractability: false, timeouts: {implicit: 0, pageLoad: 300000, script: 30000}, unhandledPromptBehavior: dismiss and notify, webauthn:extension:credBlob: true, webauthn:extension:largeBlob: true, webauthn:extension:minPinLength: true, webauthn:extension:prf: true, webauthn:virtualAuthenticators: true}
Session ID: 06d117be34a6a203a0e52ba3bb87fae6
at org.openqa.selenium.support.ui.WebDriverWait.timeoutException(WebDriverWait.java:95)
at org.openqa.selenium.support.ui.FluentWait.until(FluentWait.java:272)
at pages.h_userPage.testEmailWithoutAtSymbol(h_userPage.java:123)
at tests.h_usersPageTest.testEmailWithoutAtSymbol(h_usersPageTest.java:109)
at java.base/java.util.ArrayList.forEach(ArrayList.java:1596)
... Removed 25 stack frames]]>
    </failure>
  </testcase> <!-- testEmailWithoutAtSymbol -->
  <testcase classname="tests.h_usersPageTest" name="testEmptyEmailField" time="3.637"/>
  <testcase classname="tests.i_projectsTest" name="AddProjectPhaseName" time="12.238"/>
  <testcase classname="tests.i_projectsTest" name="DateValidation" time="14.809">
    <skipped/>
  </testcase> <!-- DateValidation -->
  <testcase classname="tests.i_projectsTest" name="DateValidation" time="15.749"/>
  <testcase classname="tests.i_projectsTest" name="addProjectDetails" time="9.856"/>
  <testcase classname="tests.i_projectsTest" name="dontSelectProjectPhase" time="9.524"/>
  <testcase classname="tests.i_projectsTest" name="dontSelectStatus" time="9.991"/>
  <testcase classname="tests.i_projectsTest" name="editProjectDetails" time="16.224"/>
  <testcase classname="tests.i_projectsTest" name="deleteProjectRecords" time="6.982"/>
  <testcase classname="tests.i_projectsTest" name="emptyValidationForProjectName" time="6.174"/>
  <testcase classname="tests.i_projectsTest" name="emptyValidationForProjectName1" time="9.54"/>
  <testcase classname="tests.i_projectsTest" name="exceedingLimitVerification" time="6.013"/>
  <testcase classname="tests.i_projectsTest" name="exceedingLimitVerification1" time="10.227"/>
  <testcase classname="tests.i_projectsTest" name="leadingSpaceVerificcation" time="6.416"/>
  <testcase classname="tests.i_projectsTest" name="leadingSpaceVerificcation1" time="9.698"/>
  <testcase classname="tests.i_projectsTest" name="spcialCharacterNotAllowed" time="8.492"/>
  <testcase classname="tests.i_projectsTest" name="verifyValidTextAreAvailable" time="10.264"/>
  <testcase classname="tests.i_projectsTest" name="verifyValidTextStatus" time="10.297"/>
  <testcase classname="tests.j_defectsTest" name="addDefectPriorityName" time="12.872"/>
  <testcase classname="tests.j_defectsTest" name="addProjectDetails" time="9.455"/>
  <testcase classname="tests.j_defectsTest" name="addNewDefect" time="15.032"/>
  <testcase classname="tests.j_defectsTest" name="searchWithEditText" time="14.336"/>
  <testcase classname="tests.j_defectsTest" name="searchWithDeleteDefect" time="9.217"/>
  <testcase classname="tests.j_defectsTest" name="verifyEmptyStepToReproduce" time="9.148"/>
  <testcase classname="tests.j_defectsTest" name="emptyClosureDateField" time="9.233"/>
  <testcase classname="tests.j_defectsTest" name="emptyCategoryNameField" time="9.361"/>
  <testcase classname="tests.j_defectsTest" name="checkTextAvailableCategoryName" time="10.1"/>
  <testcase classname="tests.j_defectsTest" name="emptyStatusField" time="10.17"/>
  <testcase classname="tests.j_defectsTest" name="checkTextAvailableStatusNameField" time="10.53"/>
  <testcase classname="tests.j_defectsTest" name="emptyProrityTypeField" time="13.339"/>
  <testcase classname="tests.j_defectsTest" name="checkTextAvailablePriorityType" time="13.758"/>
  <testcase classname="tests.j_defectsTest" name="emptyAssigneField" time="16.149">
    <skipped/>
  </testcase> <!-- emptyAssigneField -->
  <testcase classname="tests.j_defectsTest" name="emptyAssigneField" time="16.415">
    <failure type="org.openqa.selenium.TimeoutException" message="Expected condition failed: waiting for visibility of element located by By.xpath: //*[@id=&amp;quot;toastMessage&amp;quot;] (tried for 3 second(s) with 500 milliseconds interval)
Build info: version: &amp;apos;3.141.59&amp;apos;, revision: &amp;apos;e82be7d358&amp;apos;, time: &amp;apos;2018-11-14T08:17:03&amp;apos;
System info: host: &amp;apos;DESKTOP-6FOLHBH&amp;apos;, ip: &amp;apos;192.168.1.20&amp;apos;, os.name: &amp;apos;Windows 11&amp;apos;, os.arch: &amp;apos;amd64&amp;apos;, os.version: &amp;apos;10.0&amp;apos;, java.version: &amp;apos;21.0.5&amp;apos;
Driver info: org.openqa.selenium.chrome.ChromeDriver
Capabilities {acceptInsecureCerts: false, browserName: chrome, browserVersion: 135.0.7049.115, chrome: {chromedriverVersion: 134.0.6998.88 (7e3d5c978c6d..., userDataDir: C:\Users\admin\AppData\Loca...}, fedcm:accounts: true, goog:chromeOptions: {debuggerAddress: localhost:56791}, javascriptEnabled: true, networkConnectionEnabled: false, pageLoadStrategy: normal, platform: WINDOWS, platformName: WINDOWS, proxy: Proxy(), setWindowRect: true, strictFileInteractability: false, timeouts: {implicit: 0, pageLoad: 300000, script: 30000}, unhandledPromptBehavior: dismiss and notify, webauthn:extension:credBlob: true, webauthn:extension:largeBlob: true, webauthn:extension:minPinLength: true, webauthn:extension:prf: true, webauthn:virtualAuthenticators: true}
Session ID: c2e75736a4b75f261d9856cc66516086">
      <![CDATA[org.openqa.selenium.TimeoutException: Expected condition failed: waiting for visibility of element located by By.xpath: //*[@id="toastMessage"] (tried for 3 second(s) with 500 milliseconds interval)
Build info: version: '3.141.59', revision: 'e82be7d358', time: '2018-11-14T08:17:03'
System info: host: 'DESKTOP-6FOLHBH', ip: '192.168.1.20', os.name: 'Windows 11', os.arch: 'amd64', os.version: '10.0', java.version: '21.0.5'
Driver info: org.openqa.selenium.chrome.ChromeDriver
Capabilities {acceptInsecureCerts: false, browserName: chrome, browserVersion: 135.0.7049.115, chrome: {chromedriverVersion: 134.0.6998.88 (7e3d5c978c6d..., userDataDir: C:\Users\admin\AppData\Loca...}, fedcm:accounts: true, goog:chromeOptions: {debuggerAddress: localhost:56791}, javascriptEnabled: true, networkConnectionEnabled: false, pageLoadStrategy: normal, platform: WINDOWS, platformName: WINDOWS, proxy: Proxy(), setWindowRect: true, strictFileInteractability: false, timeouts: {implicit: 0, pageLoad: 300000, script: 30000}, unhandledPromptBehavior: dismiss and notify, webauthn:extension:credBlob: true, webauthn:extension:largeBlob: true, webauthn:extension:minPinLength: true, webauthn:extension:prf: true, webauthn:virtualAuthenticators: true}
Session ID: c2e75736a4b75f261d9856cc66516086
at org.openqa.selenium.support.ui.WebDriverWait.timeoutException(WebDriverWait.java:95)
at org.openqa.selenium.support.ui.FluentWait.until(FluentWait.java:272)
at pages.j_defectPage.emptyAssigneField(j_defectPage.java:409)
at tests.j_defectsTest.emptyAssigneField(j_defectsTest.java:372)
at java.base/java.util.ArrayList.forEach(ArrayList.java:1596)
... Removed 25 stack frames]]>
    </failure>
  </testcase> <!-- emptyAssigneField -->
  <testcase classname="tests.j_defectsTest" name="checkTextAvailableAssigne" time="16.493">
    <skipped/>
  </testcase> <!-- checkTextAvailableAssigne -->
  <testcase classname="tests.j_defectsTest" name="checkTextAvailableAssigne" time="17.088">
    <failure type="org.openqa.selenium.TimeoutException" message="Expected condition failed: waiting for visibility of element located by By.xpath: //*[@id=&amp;quot;toastMessage&amp;quot;] (tried for 3 second(s) with 500 milliseconds interval)
Build info: version: &amp;apos;3.141.59&amp;apos;, revision: &amp;apos;e82be7d358&amp;apos;, time: &amp;apos;2018-11-14T08:17:03&amp;apos;
System info: host: &amp;apos;DESKTOP-6FOLHBH&amp;apos;, ip: &amp;apos;192.168.1.20&amp;apos;, os.name: &amp;apos;Windows 11&amp;apos;, os.arch: &amp;apos;amd64&amp;apos;, os.version: &amp;apos;10.0&amp;apos;, java.version: &amp;apos;21.0.5&amp;apos;
Driver info: org.openqa.selenium.chrome.ChromeDriver
Capabilities {acceptInsecureCerts: false, browserName: chrome, browserVersion: 135.0.7049.115, chrome: {chromedriverVersion: 134.0.6998.88 (7e3d5c978c6d..., userDataDir: C:\Users\admin\AppData\Loca...}, fedcm:accounts: true, goog:chromeOptions: {debuggerAddress: localhost:56860}, javascriptEnabled: true, networkConnectionEnabled: false, pageLoadStrategy: normal, platform: WINDOWS, platformName: WINDOWS, proxy: Proxy(), setWindowRect: true, strictFileInteractability: false, timeouts: {implicit: 0, pageLoad: 300000, script: 30000}, unhandledPromptBehavior: dismiss and notify, webauthn:extension:credBlob: true, webauthn:extension:largeBlob: true, webauthn:extension:minPinLength: true, webauthn:extension:prf: true, webauthn:virtualAuthenticators: true}
Session ID: fe03a5048ee2e5c4dc12a4722f206e4e">
      <![CDATA[org.openqa.selenium.TimeoutException: Expected condition failed: waiting for visibility of element located by By.xpath: //*[@id="toastMessage"] (tried for 3 second(s) with 500 milliseconds interval)
Build info: version: '3.141.59', revision: 'e82be7d358', time: '2018-11-14T08:17:03'
System info: host: 'DESKTOP-6FOLHBH', ip: '192.168.1.20', os.name: 'Windows 11', os.arch: 'amd64', os.version: '10.0', java.version: '21.0.5'
Driver info: org.openqa.selenium.chrome.ChromeDriver
Capabilities {acceptInsecureCerts: false, browserName: chrome, browserVersion: 135.0.7049.115, chrome: {chromedriverVersion: 134.0.6998.88 (7e3d5c978c6d..., userDataDir: C:\Users\admin\AppData\Loca...}, fedcm:accounts: true, goog:chromeOptions: {debuggerAddress: localhost:56860}, javascriptEnabled: true, networkConnectionEnabled: false, pageLoadStrategy: normal, platform: WINDOWS, platformName: WINDOWS, proxy: Proxy(), setWindowRect: true, strictFileInteractability: false, timeouts: {implicit: 0, pageLoad: 300000, script: 30000}, unhandledPromptBehavior: dismiss and notify, webauthn:extension:credBlob: true, webauthn:extension:largeBlob: true, webauthn:extension:minPinLength: true, webauthn:extension:prf: true, webauthn:virtualAuthenticators: true}
Session ID: fe03a5048ee2e5c4dc12a4722f206e4e
at org.openqa.selenium.support.ui.WebDriverWait.timeoutException(WebDriverWait.java:95)
at org.openqa.selenium.support.ui.FluentWait.until(FluentWait.java:272)
at pages.j_defectPage.checkTextAvailableAssigne(j_defectPage.java:465)
at tests.j_defectsTest.checkTextAvailableAssigne(j_defectsTest.java:398)
at java.base/java.util.ArrayList.forEach(ArrayList.java:1596)
... Removed 25 stack frames]]>
    </failure>
  </testcase> <!-- checkTextAvailableAssigne -->
  <testcase classname="tests.d_projectPhaseTest" name="editProjectPhaseName" time="0.0">
    <ignored/>
  </testcase> <!-- editProjectPhaseName -->
  <testcase classname="base.BaseTest" name="@BeforeSuite initSuite" time="0.0">
    <ignored/>
  </testcase> <!-- @BeforeSuite initSuite -->
  <testcase classname="base.BaseTest" name="@BeforeSuite initSuite" time="0.0">
    <ignored/>
  </testcase> <!-- @BeforeSuite initSuite -->
  <testcase classname="base.BaseTest" name="@BeforeSuite initSuite" time="0.0">
    <ignored/>
  </testcase> <!-- @BeforeSuite initSuite -->
  <testcase classname="base.BaseTest" name="@BeforeSuite initSuite" time="0.0">
    <ignored/>
  </testcase> <!-- @BeforeSuite initSuite -->
  <testcase classname="base.BaseTest" name="@BeforeSuite initSuite" time="0.0">
    <ignored/>
  </testcase> <!-- @BeforeSuite initSuite -->
  <testcase classname="base.BaseTest" name="@BeforeSuite initSuite" time="0.0">
    <ignored/>
  </testcase> <!-- @BeforeSuite initSuite -->
  <testcase classname="base.BaseTest" name="@BeforeSuite initSuite" time="0.0">
    <ignored/>
  </testcase> <!-- @BeforeSuite initSuite -->
  <testcase classname="base.BaseTest" name="@AfterSuite flushReport" time="0.0">
    <ignored/>
  </testcase> <!-- @AfterSuite flushReport -->
  <testcase classname="base.BaseTest" name="@AfterSuite flushReport" time="0.0">
    <ignored/>
  </testcase> <!-- @AfterSuite flushReport -->
  <testcase classname="base.BaseTest" name="@AfterSuite flushReport" time="0.0">
    <ignored/>
  </testcase> <!-- @AfterSuite flushReport -->
  <testcase classname="base.BaseTest" name="@AfterSuite flushReport" time="0.0">
    <ignored/>
  </testcase> <!-- @AfterSuite flushReport -->
  <testcase classname="base.BaseTest" name="@AfterSuite flushReport" time="0.0">
    <ignored/>
  </testcase> <!-- @AfterSuite flushReport -->
  <testcase classname="base.BaseTest" name="@AfterSuite flushReport" time="0.0">
    <ignored/>
  </testcase> <!-- @AfterSuite flushReport -->
  <testcase classname="base.BaseTest" name="@AfterSuite flushReport" time="0.0">
    <ignored/>
  </testcase> <!-- @AfterSuite flushReport -->
  <testcase classname="tests.d_projectPhaseTest" name="deleteRecordFromTable" time="0.0">
    <ignored/>
  </testcase> <!-- deleteRecordFromTable -->
</testsuite> <!-- myTest -->
