<?xml version="1.0" encoding="UTF-8"?>
<!-- Generated by org.testng.reporters.JUnitXMLReporter -->
<testsuite ignored="0" hostname="DESKTOP-6FOLHBH" failures="0" tests="5" name="Test" time="12.539" errors="0" timestamp="2025-02-06T17:28:47 IST">
  <testcase classname="tests.TestCase" name="verify_Empty_Credential" time="0.604"/>
  <testcase classname="tests.TestCase" name="verify_InValid_Username_valid_Password" time="1.182"/>
  <testcase classname="tests.TestCase" name="verify_InvalidCredential" time="1.028"/>
  <testcase classname="tests.TestCase" name="verify_Valid_Username_Invalid_Password" time="0.999"/>
  <testcase classname="tests.TestCase" name="verify_valid_credential" time="1.27"/>
</testsuite> <!-- Test -->
