<?xml version="1.0" encoding="UTF-8"?>
<!-- Generated by org.testng.reporters.JUnitXMLReporter -->
<testsuite ignored="19" hostname="DESKTOP-6FOLHBH" failures="1" tests="2" name="Test" time="8.46" errors="0" timestamp="2025-02-17T18:32:05 IST">
  <testcase classname="tests.TestCase" name="PasswordValidationTest" time="2.345">
    <skipped/>
  </testcase> <!-- PasswordValidationTest -->
  <testcase classname="tests.TestCase" name="PasswordValidationTest" time="2.441">
    <failure type="org.openqa.selenium.ElementClickInterceptedException" message="element click intercepted: Element is not clickable at point (631, 653)
  (Session info: chrome=133.0.6943.98)
Build info: version: &amp;apos;3.141.59&amp;apos;, revision: &amp;apos;e82be7d358&amp;apos;, time: &amp;apos;2018-11-14T08:17:03&amp;apos;
System info: host: &amp;apos;DESKTOP-6FOLHBH&amp;apos;, ip: &amp;apos;192.168.1.12&amp;apos;, os.name: &amp;apos;Windows 11&amp;apos;, os.arch: &amp;apos;amd64&amp;apos;, os.version: &amp;apos;10.0&amp;apos;, java.version: &amp;apos;21.0.5&amp;apos;
Driver info: org.openqa.selenium.chrome.ChromeDriver
Capabilities {acceptInsecureCerts: false, browserName: chrome, browserVersion: 133.0.6943.98, chrome: {chromedriverVersion: 132.0.6834.159 (2d77d3fc445..., userDataDir: C:\Users\admin\AppData\Loca...}, fedcm:accounts: true, goog:chromeOptions: {debuggerAddress: localhost:54148}, javascriptEnabled: true, networkConnectionEnabled: false, pageLoadStrategy: normal, platform: WINDOWS, platformName: WINDOWS, proxy: Proxy(), setWindowRect: true, strictFileInteractability: false, timeouts: {implicit: 0, pageLoad: 300000, script: 30000}, unhandledPromptBehavior: dismiss and notify, webauthn:extension:credBlob: true, webauthn:extension:largeBlob: true, webauthn:extension:minPinLength: true, webauthn:extension:prf: true, webauthn:virtualAuthenticators: true}
Session ID: 2ab55e47453fbece07093ba5e627647d">
      <![CDATA[org.openqa.selenium.ElementClickInterceptedException: element click intercepted: Element is not clickable at point (631, 653)
  (Session info: chrome=133.0.6943.98)
Build info: version: '3.141.59', revision: 'e82be7d358', time: '2018-11-14T08:17:03'
System info: host: 'DESKTOP-6FOLHBH', ip: '192.168.1.12', os.name: 'Windows 11', os.arch: 'amd64', os.version: '10.0', java.version: '21.0.5'
Driver info: org.openqa.selenium.chrome.ChromeDriver
Capabilities {acceptInsecureCerts: false, browserName: chrome, browserVersion: 133.0.6943.98, chrome: {chromedriverVersion: 132.0.6834.159 (2d77d3fc445..., userDataDir: C:\Users\admin\AppData\Loca...}, fedcm:accounts: true, goog:chromeOptions: {debuggerAddress: localhost:54148}, javascriptEnabled: true, networkConnectionEnabled: false, pageLoadStrategy: normal, platform: WINDOWS, platformName: WINDOWS, proxy: Proxy(), setWindowRect: true, strictFileInteractability: false, timeouts: {implicit: 0, pageLoad: 300000, script: 30000}, unhandledPromptBehavior: dismiss and notify, webauthn:extension:credBlob: true, webauthn:extension:largeBlob: true, webauthn:extension:minPinLength: true, webauthn:extension:prf: true, webauthn:virtualAuthenticators: true}
Session ID: 2ab55e47453fbece07093ba5e627647d
at org.openqa.selenium.remote.http.W3CHttpResponseCodec.createException(W3CHttpResponseCodec.java:187)
at org.openqa.selenium.remote.http.W3CHttpResponseCodec.decode(W3CHttpResponseCodec.java:122)
at org.openqa.selenium.remote.http.W3CHttpResponseCodec.decode(W3CHttpResponseCodec.java:49)
at org.openqa.selenium.remote.HttpCommandExecutor.execute(HttpCommandExecutor.java:158)
at org.openqa.selenium.remote.service.DriverCommandExecutor.execute(DriverCommandExecutor.java:83)
at org.openqa.selenium.remote.RemoteWebDriver.execute(RemoteWebDriver.java:552)
at org.openqa.selenium.remote.RemoteWebElement.execute(RemoteWebElement.java:285)
at org.openqa.selenium.remote.RemoteWebElement.click(RemoteWebElement.java:84)
at org.openqa.selenium.support.pagefactory.internal.LocatingElementHandler.invoke(LocatingElementHandler.java:51)
at jdk.proxy2/jdk.proxy2.$Proxy27.click(Unknown Source)
at pages.RegisterPage.testPasswordValidation(RegisterPage.java:118)
at tests.TestCase.PasswordValidationTest(TestCase.java:382)
at java.base/java.util.ArrayList.forEach(ArrayList.java:1596)
... Removed 30 stack frames]]>
    </failure>
  </testcase> <!-- PasswordValidationTest -->
  <testcase classname="tests.TestCase" name="Verify_password_is_unmasked" time="0.0">
    <ignored/>
  </testcase> <!-- Verify_password_is_unmasked -->
  <testcase classname="tests.TestCase" name="verify_manimumTeamName" time="0.0">
    <ignored/>
  </testcase> <!-- verify_manimumTeamName -->
  <testcase classname="tests.TestCase" name="verify_InValid_Username_valid_Password" time="0.0">
    <ignored/>
  </testcase> <!-- verify_InValid_Username_valid_Password -->
  <testcase classname="tests.TestCase" name="verify_ExceedLimit_validation" time="0.0">
    <ignored/>
  </testcase> <!-- verify_ExceedLimit_validation -->
  <testcase classname="tests.TestCase" name="verify_Password_IsMasked" time="0.0">
    <ignored/>
  </testcase> <!-- verify_Password_IsMasked -->
  <testcase classname="tests.TestCase" name="verify_Valid_Username_Invalid_Password" time="0.0">
    <ignored/>
  </testcase> <!-- verify_Valid_Username_Invalid_Password -->
  <testcase classname="tests.TestCase" name="emptyValidation_username" time="0.0">
    <ignored/>
  </testcase> <!-- emptyValidation_username -->
  <testcase classname="tests.TestCase" name="verify_Empty_Credential" time="0.0">
    <ignored/>
  </testcase> <!-- verify_Empty_Credential -->
  <testcase classname="tests.TestCase" name="verify_ValidTeamName" time="0.0">
    <ignored/>
  </testcase> <!-- verify_ValidTeamName -->
  <testcase classname="tests.TestCase" name="verify_emptyTeamNameFieldValidation" time="0.0">
    <ignored/>
  </testcase> <!-- verify_emptyTeamNameFieldValidation -->
  <testcase classname="tests.TestCase" name="verify_InvalidCredential" time="0.0">
    <ignored/>
  </testcase> <!-- verify_InvalidCredential -->
  <testcase classname="tests.TestCase" name="verify_minPassword_validation" time="0.0">
    <ignored/>
  </testcase> <!-- verify_minPassword_validation -->
  <testcase classname="tests.TestCase" name="verify_validUserName" time="0.0">
    <ignored/>
  </testcase> <!-- verify_validUserName -->
  <testcase classname="tests.TestCase" name="verify_emptyValidationEmailAddress" time="0.0">
    <ignored/>
  </testcase> <!-- verify_emptyValidationEmailAddress -->
  <testcase classname="tests.TestCase" name="verify_RegistrationPage_hyperLink" time="0.0">
    <ignored/>
  </testcase> <!-- verify_RegistrationPage_hyperLink -->
  <testcase classname="tests.TestCase" name="verify_Without_DomainValidation" time="0.0">
    <ignored/>
  </testcase> <!-- verify_Without_DomainValidation -->
  <testcase classname="tests.TestCase" name="verify_ValidEmailAddress" time="0.0">
    <ignored/>
  </testcase> <!-- verify_ValidEmailAddress -->
  <testcase classname="tests.TestCase" name="verify_valid_credential" time="0.0">
    <ignored/>
  </testcase> <!-- verify_valid_credential -->
  <testcase classname="tests.TestCase" name="verify_maximumTeamName" time="0.0">
    <ignored/>
  </testcase> <!-- verify_maximumTeamName -->
</testsuite> <!-- Test -->
