<?xml version="1.0" encoding="UTF-8"?>
<testng-results ignored="20" total="21" passed="1" failed="0" skipped="0">
  <reporter-output>
  </reporter-output>
  <suite started-at="2025-02-21T15:17:53 IST" name="Suite" finished-at="2025-02-21T15:17:57 IST" duration-ms="4563">
    <groups>
    </groups>
    <test started-at="2025-02-21T15:17:53 IST" name="Test" finished-at="2025-02-21T15:17:57 IST" duration-ms="4563">
      <class name="tests.TestCase">
        <test-method is-config="true" signature="setUp(org.testng.ITestContext)[pri:0, instance:tests.TestCase@4dc8caa7]" started-at="2025-02-21T15:17:53 IST" name="setUp" finished-at="2025-02-21T15:17:55 IST" duration-ms="1688" status="PASS">
          <params>
            <param index="0">
              <value>
                <![CDATA[org.testng.TestRunner@4b4eced1]]>
              </value>
            </param>
          </params>
          <reporter-output>
          </reporter-output>
        </test-method> <!-- setUp -->
        <test-method signature="GetListOfWebElement()[pri:0, instance:tests.TestCase@4dc8caa7]" started-at="2025-02-21T15:17:55 IST" name="GetListOfWebElement" finished-at="2025-02-21T15:17:57 IST" duration-ms="2059" status="PASS">
          <reporter-output>
          </reporter-output>
        </test-method> <!-- GetListOfWebElement -->
        <test-method is-config="true" signature="tearDown()[pri:0, instance:tests.TestCase@4dc8caa7]" started-at="2025-02-21T15:17:57 IST" name="tearDown" finished-at="2025-02-21T15:17:57 IST" duration-ms="625" status="PASS">
          <reporter-output>
          </reporter-output>
        </test-method> <!-- tearDown -->
      </class> <!-- tests.TestCase -->
    </test> <!-- Test -->
  </suite> <!-- Suite -->
</testng-results>
